<?xml version="1.0" encoding="UTF-8" ?>
<testsuite failures="0" time="0.319" errors="1" skipped="0" tests="1" name="StockAddTest">
  <properties>
[...]
</properties>
  <testcase time="0.319" classname="StockAddTest" name="testAddStockSucess">
    <error message="Failed to load ApplicationContext" type="java.lang.IllegalStateException">java.lang.IllegalStateException: Failed to load ApplicationContext
	at org.springframework.test.context.TestContext.getApplicationContext(TestContext.java:157)
	at org.springframework.test.context.support.DependencyInjectionTestExecutionListener.injectDependencies(DependencyInjectionTestExecutionListener.java:109)
	at org.springframework.test.context.support.DependencyInjectionTestExecutionListener.prepareTestInstance(DependencyInjectionTestExecutionListener.java:75)
	at org.springframework.test.context.TestContextManager.prepareTestInstance(TestContextManager.java:321)
	at org.springframework.test.context.junit4.SpringJUnit4ClassRunner.createTest(SpringJUnit4ClassRunner.java:211)
	at org.springframework.test.context.junit4.SpringJUnit4ClassRunner$1.runReflectiveCall(SpringJUnit4ClassRunner.java:288)
	at org.junit.internal.runners.model.ReflectiveCallable.run(ReflectiveCallable.java:15)
	at org.springframework.test.context.junit4.SpringJUnit4ClassRunner.methodBlock(SpringJUnit4ClassRunner.java:290)
	at org.springframework.test.context.junit4.SpringJUnit4ClassRunner.runChild(SpringJUnit4ClassRunner.java:231)
	at org.junit.runners.BlockJUnit4ClassRunner.runChild(BlockJUnit4ClassRunner.java:49)
	at org.junit.runners.ParentRunner$3.run(ParentRunner.java:193)
	at org.junit.runners.ParentRunner$1.schedule(ParentRunner.java:52)
	at org.junit.runners.ParentRunner.runChildren(ParentRunner.java:191)
	at org.junit.runners.ParentRunner.access$000(ParentRunner.java:42)
	at org.junit.runners.ParentRunner$2.evaluate(ParentRunner.java:184)
	at org.springframework.test.context.junit4.statements.RunBeforeTestClassCallbacks.evaluate(RunBeforeTestClassCallbacks.java:61)
	at org.springframework.test.context.junit4.statements.RunAfterTestClassCallbacks.evaluate(RunAfterTestClassCallbacks.java:71)
	at org.junit.runners.ParentRunner.run(ParentRunner.java:236)
	at org.springframework.test.context.junit4.SpringJUnit4ClassRunner.run(SpringJUnit4ClassRunner.java:174)
	at org.apache.maven.surefire.junit4.JUnit4Provider.execute(JUnit4Provider.java:252)
	at org.apache.maven.surefire.junit4.JUnit4Provider.executeTestSet(JUnit4Provider.java:141)
	at org.apache.maven.surefire.junit4.JUnit4Provider.invoke(JUnit4Provider.java:112)
	at sun.reflect.NativeMethodAccessorImpl.invoke0(Native Method)
	at sun.reflect.NativeMethodAccessorImpl.invoke(NativeMethodAccessorImpl.java:39)
	at sun.reflect.DelegatingMethodAccessorImpl.invoke(DelegatingMethodAccessorImpl.java:25)
	at java.lang.reflect.Method.invoke(Method.java:597)
	at org.apache.maven.surefire.util.ReflectionUtils.invokeMethodWithArray(ReflectionUtils.java:189)
	at org.apache.maven.surefire.booter.ProviderFactory$ProviderProxy.invoke(ProviderFactory.java:165)
	at org.apache.maven.surefire.booter.ProviderFactory.invokeProvider(ProviderFactory.java:85)
	at org.apache.maven.surefire.booter.ForkedBooter.runSuitesInProcess(ForkedBooter.java:115)
	at org.apache.maven.surefire.booter.ForkedBooter.main(ForkedBooter.java:75)
Caused by: org.springframework.beans.factory.BeanCreationException: Error creating bean with name &apos;stockAddService&apos;: Injection of autowired dependencies failed; nested exception is org.springframework.beans.factory.BeanCreationException: Could not autowire field: private com.javahome.dao.IStockAddDao com.javahome.app.service.StockAddService.stockadddao; nested exception is org.springframework.beans.factory.BeanCreationException: Error creating bean with name &apos;stockAddDao&apos;: Injection of autowired dependencies failed; nested exception is org.springframework.beans.factory.BeanCreationException: Could not autowire field: private org.springframework.orm.hibernate3.HibernateTemplate com.javahome.dao.StockAddDao.template; nested exception is org.springframework.beans.factory.NoSuchBeanDefinitionException: No matching bean of type [org.springframework.orm.hibernate3.HibernateTemplate] found for dependency: expected at least 1 bean which qualifies as autowire candidate for this dependency. Dependency annotations: {@org.springframework.beans.factory.annotation.Autowired(required=true)}
	at org.springframework.beans.factory.annotation.AutowiredAnnotationBeanPostProcessor.postProcessPropertyValues(AutowiredAnnotationBeanPostProcessor.java:287)
	at org.springframework.beans.factory.support.AbstractAutowireCapableBeanFactory.populateBean(AbstractAutowireCapableBeanFactory.java:1106)
	at org.springframework.beans.factory.support.AbstractAutowireCapableBeanFactory.doCreateBean(AbstractAutowireCapableBeanFactory.java:517)
	at org.springframework.beans.factory.support.AbstractAutowireCapableBeanFactory.createBean(AbstractAutowireCapableBeanFactory.java:456)
	at org.springframework.beans.factory.support.AbstractBeanFactory$1.getObject(AbstractBeanFactory.java:294)
	at org.springframework.beans.factory.support.DefaultSingletonBeanRegistry.getSingleton(DefaultSingletonBeanRegistry.java:225)
	at org.springframework.beans.factory.support.AbstractBeanFactory.doGetBean(AbstractBeanFactory.java:291)
	at org.springframework.beans.factory.support.AbstractBeanFactory.getBean(AbstractBeanFactory.java:193)
	at org.springframework.beans.factory.support.DefaultListableBeanFactory.preInstantiateSingletons(DefaultListableBeanFactory.java:585)
	at org.springframework.context.support.AbstractApplicationContext.finishBeanFactoryInitialization(AbstractApplicationContext.java:913)
	at org.springframework.context.support.AbstractApplicationContext.refresh(AbstractApplicationContext.java:464)
	at org.springframework.test.context.support.AbstractGenericContextLoader.loadContext(AbstractGenericContextLoader.java:103)
	at org.springframework.test.context.support.AbstractGenericContextLoader.loadContext(AbstractGenericContextLoader.java:1)
	at org.springframework.test.context.support.DelegatingSmartContextLoader.loadContext(DelegatingSmartContextLoader.java:228)
	at org.springframework.test.context.TestContext.loadApplicationContext(TestContext.java:124)
	at org.springframework.test.context.TestContext.getApplicationContext(TestContext.java:148)
	... 30 more
Caused by: org.springframework.beans.factory.BeanCreationException: Could not autowire field: private com.javahome.dao.IStockAddDao com.javahome.app.service.StockAddService.stockadddao; nested exception is org.springframework.beans.factory.BeanCreationException: Error creating bean with name &apos;stockAddDao&apos;: Injection of autowired dependencies failed; nested exception is org.springframework.beans.factory.BeanCreationException: Could not autowire field: private org.springframework.orm.hibernate3.HibernateTemplate com.javahome.dao.StockAddDao.template; nested exception is org.springframework.beans.factory.NoSuchBeanDefinitionException: No matching bean of type [org.springframework.orm.hibernate3.HibernateTemplate] found for dependency: expected at least 1 bean which qualifies as autowire candidate for this dependency. Dependency annotations: {@org.springframework.beans.factory.annotation.Autowired(required=true)}
	at org.springframework.beans.factory.annotation.AutowiredAnnotationBeanPostProcessor$AutowiredFieldElement.inject(AutowiredAnnotationBeanPostProcessor.java:506)
	at org.springframework.beans.factory.annotation.InjectionMetadata.inject(InjectionMetadata.java:87)
	at org.springframework.beans.factory.annotation.AutowiredAnnotationBeanPostProcessor.postProcessPropertyValues(AutowiredAnnotationBeanPostProcessor.java:284)
	... 45 more
Caused by: org.springframework.beans.factory.BeanCreationException: Error creating bean with name &apos;stockAddDao&apos;: Injection of autowired dependencies failed; nested exception is org.springframework.beans.factory.BeanCreationException: Could not autowire field: private org.springframework.orm.hibernate3.HibernateTemplate com.javahome.dao.StockAddDao.template; nested exception is org.springframework.beans.factory.NoSuchBeanDefinitionException: No matching bean of type [org.springframework.orm.hibernate3.HibernateTemplate] found for dependency: expected at least 1 bean which qualifies as autowire candidate for this dependency. Dependency annotations: {@org.springframework.beans.factory.annotation.Autowired(required=true)}
	at org.springframework.beans.factory.annotation.AutowiredAnnotationBeanPostProcessor.postProcessPropertyValues(AutowiredAnnotationBeanPostProcessor.java:287)
	at org.springframework.beans.factory.support.AbstractAutowireCapableBeanFactory.populateBean(AbstractAutowireCapableBeanFactory.java:1106)
	at org.springframework.beans.factory.support.AbstractAutowireCapableBeanFactory.doCreateBean(AbstractAutowireCapableBeanFactory.java:517)
	at org.springframework.beans.factory.support.AbstractAutowireCapableBeanFactory.createBean(AbstractAutowireCapableBeanFactory.java:456)
	at org.springframework.beans.factory.support.AbstractBeanFactory$1.getObject(AbstractBeanFactory.java:294)
	at org.springframework.beans.factory.support.DefaultSingletonBeanRegistry.getSingleton(DefaultSingletonBeanRegistry.java:225)
	at org.springframework.beans.factory.support.AbstractBeanFactory.doGetBean(AbstractBeanFactory.java:291)
	at org.springframework.beans.factory.support.AbstractBeanFactory.getBean(AbstractBeanFactory.java:193)
	at org.springframework.beans.factory.support.DefaultListableBeanFactory.findAutowireCandidates(DefaultListableBeanFactory.java:848)
	at org.springframework.beans.factory.support.DefaultListableBeanFactory.doResolveDependency(DefaultListableBeanFactory.java:790)
	at org.springframework.beans.factory.support.DefaultListableBeanFactory.resolveDependency(DefaultListableBeanFactory.java:707)
	at org.springframework.beans.factory.annotation.AutowiredAnnotationBeanPostProcessor$AutowiredFieldElement.inject(AutowiredAnnotationBeanPostProcessor.java:478)
	... 47 more
Caused by: org.springframework.beans.factory.BeanCreationException: Could not autowire field: private org.springframework.orm.hibernate3.HibernateTemplate com.javahome.dao.StockAddDao.template; nested exception is org.springframework.beans.factory.NoSuchBeanDefinitionException: No matching bean of type [org.springframework.orm.hibernate3.HibernateTemplate] found for dependency: expected at least 1 bean which qualifies as autowire candidate for this dependency. Dependency annotations: {@org.springframework.beans.factory.annotation.Autowired(required=true)}
	at org.springframework.beans.factory.annotation.AutowiredAnnotationBeanPostProcessor$AutowiredFieldElement.inject(AutowiredAnnotationBeanPostProcessor.java:506)
	at org.springframework.beans.factory.annotation.InjectionMetadata.inject(InjectionMetadata.java:87)
	at org.springframework.beans.factory.annotation.AutowiredAnnotationBeanPostProcessor.postProcessPropertyValues(AutowiredAnnotationBeanPostProcessor.java:284)
	... 58 more
Caused by: org.springframework.beans.factory.NoSuchBeanDefinitionException: No matching bean of type [org.springframework.orm.hibernate3.HibernateTemplate] found for dependency: expected at least 1 bean which qualifies as autowire candidate for this dependency. Dependency annotations: {@org.springframework.beans.factory.annotation.Autowired(required=true)}
	at org.springframework.beans.factory.support.DefaultListableBeanFactory.raiseNoSuchBeanDefinitionException(DefaultListableBeanFactory.java:924)
	at org.springframework.beans.factory.support.DefaultListableBeanFactory.doResolveDependency(DefaultListableBeanFactory.java:793)
	at org.springframework.beans.factory.support.DefaultListableBeanFactory.resolveDependency(DefaultListableBeanFactory.java:707)
	at org.springframework.beans.factory.annotation.AutowiredAnnotationBeanPostProcessor$AutowiredFieldElement.inject(AutowiredAnnotationBeanPostProcessor.java:478)
	... 60 more
</error>
    <system-out>2014-08-11 10:34:28 DEBUG DirtiesContextTestExecutionListener:113 - After test class: context [[TestContext@12558d6 testClass = UserServiceTest, testInstance = [null], testMethod = [null], testException = [null], mergedContextConfiguration = [MergedContextConfiguration@12a54f9 testClass = UserServiceTest, locations = &apos;{classpath:app-test.xml}&apos;, classes = &apos;{}&apos;, activeProfiles = &apos;{}&apos;, contextLoader = &apos;org.springframework.test.context.support.DelegatingSmartContextLoader&apos;]]], dirtiesContext [false].
2014-08-11 10:34:28 DEBUG SpringJUnit4ClassRunner:106 - SpringJUnit4ClassRunner constructor called with [class StockAddTest].
2014-08-11 10:34:28 DEBUG DelegatingSmartContextLoader:75 - Delegating to GenericXmlContextLoader to process context configuration [ContextConfigurationAttributes@12bf892 declaringClass = &apos;StockAddTest&apos;, locations = &apos;{classpath:app-test.xml}&apos;, classes = &apos;{}&apos;, inheritLocations = true, contextLoaderClass = &apos;org.springframework.test.context.ContextLoader&apos;].
2014-08-11 10:34:28 DEBUG ContextLoaderUtils:236 - Could not find an &apos;annotation declaring class&apos; for annotation type [interface org.springframework.test.context.ActiveProfiles] and class [class StockAddTest]
2014-08-11 10:34:28 INFO  TestContextManager:185 - @TestExecutionListeners is not present for class [class StockAddTest]: using defaults.
2014-08-11 10:34:28 DEBUG ProfileValueUtils:68 - Retrieved @ProfileValueSourceConfiguration [null] for test class [StockAddTest]
2014-08-11 10:34:28 DEBUG ProfileValueUtils:80 - Retrieved ProfileValueSource type [class org.springframework.test.annotation.SystemProfileValueSource] for class [StockAddTest]
2014-08-11 10:34:28 DEBUG ProfileValueUtils:68 - Retrieved @ProfileValueSourceConfiguration [null] for test class [StockAddTest]
2014-08-11 10:34:28 DEBUG ProfileValueUtils:80 - Retrieved ProfileValueSource type [class org.springframework.test.annotation.SystemProfileValueSource] for class [StockAddTest]
2014-08-11 10:34:28 DEBUG ProfileValueUtils:68 - Retrieved @ProfileValueSourceConfiguration [null] for test class [StockAddTest]
2014-08-11 10:34:28 DEBUG ProfileValueUtils:80 - Retrieved ProfileValueSource type [class org.springframework.test.annotation.SystemProfileValueSource] for class [StockAddTest]
2014-08-11 10:34:28 DEBUG DependencyInjectionTestExecutionListener:73 - Performing dependency injection for test context [[TestContext@1c7980c testClass = StockAddTest, testInstance = StockAddTest@cf710e, testMethod = [null], testException = [null], mergedContextConfiguration = [MergedContextConfiguration@1077fc9 testClass = StockAddTest, locations = &apos;{classpath:app-test.xml}&apos;, classes = &apos;{}&apos;, activeProfiles = &apos;{}&apos;, contextLoader = &apos;org.springframework.test.context.support.DelegatingSmartContextLoader&apos;]]].
2014-08-11 10:34:28 DEBUG DelegatingSmartContextLoader:226 - Delegating to GenericXmlContextLoader to load context from [MergedContextConfiguration@1077fc9 testClass = StockAddTest, locations = &apos;{classpath:app-test.xml}&apos;, classes = &apos;{}&apos;, activeProfiles = &apos;{}&apos;, contextLoader = &apos;org.springframework.test.context.support.DelegatingSmartContextLoader&apos;].
2014-08-11 10:34:28 DEBUG AbstractGenericContextLoader:93 - Loading ApplicationContext for merged context configuration [[MergedContextConfiguration@1077fc9 testClass = StockAddTest, locations = &apos;{classpath:app-test.xml}&apos;, classes = &apos;{}&apos;, activeProfiles = &apos;{}&apos;, contextLoader = &apos;org.springframework.test.context.support.DelegatingSmartContextLoader&apos;]].
2014-08-11 10:34:28 DEBUG StandardEnvironment:114 - Initializing new StandardEnvironment
2014-08-11 10:34:28 DEBUG StandardEnvironment:103 - Adding [systemProperties] PropertySource with lowest search precedence
2014-08-11 10:34:28 DEBUG StandardEnvironment:103 - Adding [systemEnvironment] PropertySource with lowest search precedence
2014-08-11 10:34:28 DEBUG StandardEnvironment:120 - Initialized StandardEnvironment with PropertySources [systemProperties,systemEnvironment]
2014-08-11 10:34:28 DEBUG StandardEnvironment:114 - Initializing new StandardEnvironment
2014-08-11 10:34:28 DEBUG StandardEnvironment:103 - Adding [systemProperties] PropertySource with lowest search precedence
2014-08-11 10:34:28 DEBUG StandardEnvironment:103 - Adding [systemEnvironment] PropertySource with lowest search precedence
2014-08-11 10:34:28 DEBUG StandardEnvironment:120 - Initialized StandardEnvironment with PropertySources [systemProperties,systemEnvironment]
2014-08-11 10:34:28 INFO  XmlBeanDefinitionReader:315 - Loading XML bean definitions from class path resource [app-test.xml]
2014-08-11 10:34:28 DEBUG DefaultDocumentLoader:72 - Using JAXP provider [com.sun.org.apache.xerces.internal.jaxp.DocumentBuilderFactoryImpl]
2014-08-11 10:34:28 DEBUG PluggableSchemaResolver:140 - Loading schema mappings from [META-INF/spring.schemas]
2014-08-11 10:34:28 DEBUG PluggableSchemaResolver:146 - Loaded schema mappings: {http://www.springframework.org/schema/util/spring-util.xsd=org/springframework/beans/factory/xml/spring-util-3.1.xsd, http://www.springframework.org/schema/mvc/spring-mvc-3.1.xsd=org/springframework/web/servlet/config/spring-mvc-3.1.xsd, http://www.springframework.org/schema/beans/spring-beans-3.1.xsd=org/springframework/beans/factory/xml/spring-beans-3.1.xsd, http://www.springframework.org/schema/task/spring-task.xsd=org/springframework/scheduling/config/spring-task-3.1.xsd, http://www.springframework.org/schema/cache/spring-cache.xsd=org/springframework/cache/config/spring-cache-3.1.xsd, http://www.springframework.org/schema/aop/spring-aop-3.0.xsd=org/springframework/aop/config/spring-aop-3.0.xsd, http://www.springframework.org/schema/task/spring-task-3.1.xsd=org/springframework/scheduling/config/spring-task-3.1.xsd, http://www.springframework.org/schema/aop/spring-aop-2.0.xsd=org/springframework/aop/config/spring-aop-2.0.xsd, http://www.springframework.org/schema/tool/spring-tool-2.5.xsd=org/springframework/beans/factory/xml/spring-tool-2.5.xsd, http://www.springframework.org/schema/beans/spring-beans.xsd=org/springframework/beans/factory/xml/spring-beans-3.1.xsd, http://www.springframework.org/schema/jee/spring-jee-2.5.xsd=org/springframework/ejb/config/spring-jee-2.5.xsd, http://www.springframework.org/schema/jdbc/spring-jdbc-3.1.xsd=org/springframework/jdbc/config/spring-jdbc-3.1.xsd, http://www.springframework.org/schema/tool/spring-tool-3.1.xsd=org/springframework/beans/factory/xml/spring-tool-3.1.xsd, http://www.springframework.org/schema/aop/spring-aop.xsd=org/springframework/aop/config/spring-aop-3.1.xsd, http://www.springframework.org/schema/jee/spring-jee-3.1.xsd=org/springframework/ejb/config/spring-jee-3.1.xsd, http://www.springframework.org/schema/beans/spring-beans-2.0.xsd=org/springframework/beans/factory/xml/spring-beans-2.0.xsd, http://www.springframework.org/schema/mvc/spring-mvc-3.0.xsd=org/springframework/web/servlet/config/spring-mvc-3.0.xsd, http://www.springframework.org/schema/beans/spring-beans-3.0.xsd=org/springframework/beans/factory/xml/spring-beans-3.0.xsd, http://www.springframework.org/schema/task/spring-task-3.0.xsd=org/springframework/scheduling/config/spring-task-3.0.xsd, http://www.springframework.org/schema/tx/spring-tx-2.5.xsd=org/springframework/transaction/config/spring-tx-2.5.xsd, http://www.springframework.org/schema/context/spring-context-2.5.xsd=org/springframework/context/config/spring-context-2.5.xsd, http://www.springframework.org/schema/jdbc/spring-jdbc-3.0.xsd=org/springframework/jdbc/config/spring-jdbc-3.0.xsd, http://www.springframework.org/schema/tool/spring-tool-3.0.xsd=org/springframework/beans/factory/xml/spring-tool-3.0.xsd, http://www.springframework.org/schema/tx/spring-tx.xsd=org/springframework/transaction/config/spring-tx-3.1.xsd, http://www.springframework.org/schema/tool/spring-tool-2.0.xsd=org/springframework/beans/factory/xml/spring-tool-2.0.xsd, http://www.springframework.org/schema/util/spring-util-2.5.xsd=org/springframework/beans/factory/xml/spring-util-2.5.xsd, http://www.springframework.org/schema/lang/spring-lang.xsd=org/springframework/scripting/config/spring-lang-3.1.xsd, http://www.springframework.org/schema/lang/spring-lang-2.5.xsd=org/springframework/scripting/config/spring-lang-2.5.xsd, http://www.springframework.org/schema/jee/spring-jee-3.0.xsd=org/springframework/ejb/config/spring-jee-3.0.xsd, http://www.springframework.org/schema/tx/spring-tx-3.1.xsd=org/springframework/transaction/config/spring-tx-3.1.xsd, http://www.springframework.org/schema/jee/spring-jee-2.0.xsd=org/springframework/ejb/config/spring-jee-2.0.xsd, http://www.springframework.org/schema/context/spring-context-3.1.xsd=org/springframework/context/config/spring-context-3.1.xsd, http://www.springframework.org/schema/util/spring-util-3.1.xsd=org/springframework/beans/factory/xml/spring-util-3.1.xsd, http://www.springframework.org/schema/lang/spring-lang-3.1.xsd=org/springframework/scripting/config/spring-lang-3.1.xsd, http://www.springframework.org/schema/cache/spring-cache-3.1.xsd=org/springframework/cache/config/spring-cache-3.1.xsd, http://www.springframework.org/schema/context/spring-context.xsd=org/springframework/context/config/spring-context-3.1.xsd, http://www.springframework.org/schema/jee/spring-jee.xsd=org/springframework/ejb/config/spring-jee-3.1.xsd, http://www.springframework.org/schema/aop/spring-aop-2.5.xsd=org/springframework/aop/config/spring-aop-2.5.xsd, http://www.springframework.org/schema/mvc/spring-mvc.xsd=org/springframework/web/servlet/config/spring-mvc-3.1.xsd, http://www.springframework.org/schema/jdbc/spring-jdbc.xsd=org/springframework/jdbc/config/spring-jdbc-3.1.xsd, http://www.springframework.org/schema/tx/spring-tx-2.0.xsd=org/springframework/transaction/config/spring-tx-2.0.xsd, http://www.springframework.org/schema/aop/spring-aop-3.1.xsd=org/springframework/aop/config/spring-aop-3.1.xsd, http://www.springframework.org/schema/tx/spring-tx-3.0.xsd=org/springframework/transaction/config/spring-tx-3.0.xsd, http://www.springframework.org/schema/context/spring-context-3.0.xsd=org/springframework/context/config/spring-context-3.0.xsd, http://www.springframework.org/schema/tool/spring-tool.xsd=org/springframework/beans/factory/xml/spring-tool-3.1.xsd, http://www.springframework.org/schema/util/spring-util-3.0.xsd=org/springframework/beans/factory/xml/spring-util-3.0.xsd, http://www.springframework.org/schema/lang/spring-lang-3.0.xsd=org/springframework/scripting/config/spring-lang-3.0.xsd, http://www.springframework.org/schema/util/spring-util-2.0.xsd=org/springframework/beans/factory/xml/spring-util-2.0.xsd, http://www.springframework.org/schema/lang/spring-lang-2.0.xsd=org/springframework/scripting/config/spring-lang-2.0.xsd, http://www.springframework.org/schema/beans/spring-beans-2.5.xsd=org/springframework/beans/factory/xml/spring-beans-2.5.xsd}
2014-08-11 10:34:28 DEBUG PluggableSchemaResolver:118 - Found XML schema [http://www.springframework.org/schema/beans/spring-beans-3.0.xsd] in classpath: org/springframework/beans/factory/xml/spring-beans-3.0.xsd
2014-08-11 10:34:28 DEBUG PluggableSchemaResolver:118 - Found XML schema [http://www.springframework.org/schema/context/spring-context-3.0.xsd] in classpath: org/springframework/context/config/spring-context-3.0.xsd
2014-08-11 10:34:28 DEBUG PluggableSchemaResolver:118 - Found XML schema [http://www.springframework.org/schema/tool/spring-tool-3.0.xsd] in classpath: org/springframework/beans/factory/xml/spring-tool-3.0.xsd
2014-08-11 10:34:28 DEBUG PluggableSchemaResolver:118 - Found XML schema [http://www.springframework.org/schema/mvc/spring-mvc-3.0.xsd] in classpath: org/springframework/web/servlet/config/spring-mvc-3.0.xsd
2014-08-11 10:34:28 DEBUG PluggableSchemaResolver:118 - Found XML schema [http://www.springframework.org/schema/tx/spring-tx-3.0.xsd] in classpath: org/springframework/transaction/config/spring-tx-3.0.xsd
2014-08-11 10:34:28 DEBUG DefaultBeanDefinitionDocumentReader:108 - Loading bean definitions
2014-08-11 10:34:28 DEBUG DefaultNamespaceHandlerResolver:156 - Loaded NamespaceHandler mappings: {http://www.springframework.org/schema/p=org.springframework.beans.factory.xml.SimplePropertyNamespaceHandler, http://www.springframework.org/schema/mvc=org.springframework.web.servlet.config.MvcNamespaceHandler, http://www.springframework.org/schema/util=org.springframework.beans.factory.xml.UtilNamespaceHandler, http://www.springframework.org/schema/jee=org.springframework.ejb.config.JeeNamespaceHandler, http://www.springframework.org/schema/aop=org.springframework.aop.config.AopNamespaceHandler, http://www.springframework.org/schema/jdbc=org.springframework.jdbc.config.JdbcNamespaceHandler, http://www.springframework.org/schema/cache=org.springframework.cache.config.CacheNamespaceHandler, http://www.springframework.org/schema/c=org.springframework.beans.factory.xml.SimpleConstructorNamespaceHandler, http://www.springframework.org/schema/tx=org.springframework.transaction.config.TxNamespaceHandler, http://www.springframework.org/schema/task=org.springframework.scheduling.config.TaskNamespaceHandler, http://www.springframework.org/schema/lang=org.springframework.scripting.config.LangNamespaceHandler, http://www.springframework.org/schema/context=org.springframework.context.config.ContextNamespaceHandler}
2014-08-11 10:34:28 DEBUG PathMatchingResourcePatternResolver:550 - Looking for matching resources in directory tree [D:\Retail\Retail\target\test-classes\com]
2014-08-11 10:34:28 DEBUG PathMatchingResourcePatternResolver:612 - Searching directory [D:\Retail\Retail\target\test-classes\com] for files matching pattern [D:/Retail/Retail/target/test-classes/com/**/*.class]
2014-08-11 10:34:28 DEBUG PathMatchingResourcePatternResolver:612 - Searching directory [D:\Retail\Retail\target\test-classes\com\sample] for files matching pattern [D:/Retail/Retail/target/test-classes/com/**/*.class]
2014-08-11 10:34:28 DEBUG PathMatchingResourcePatternResolver:612 - Searching directory [D:\Retail\Retail\target\test-classes\com\sample\flow] for files matching pattern [D:/Retail/Retail/target/test-classes/com/**/*.class]
2014-08-11 10:34:28 DEBUG PathMatchingResourcePatternResolver:550 - Looking for matching resources in directory tree [D:\Retail\Retail\target\classes\com]
2014-08-11 10:34:28 DEBUG PathMatchingResourcePatternResolver:612 - Searching directory [D:\Retail\Retail\target\classes\com] for files matching pattern [D:/Retail/Retail/target/classes/com/**/*.class]
2014-08-11 10:34:28 DEBUG PathMatchingResourcePatternResolver:612 - Searching directory [D:\Retail\Retail\target\classes\com\javahome] for files matching pattern [D:/Retail/Retail/target/classes/com/**/*.class]
2014-08-11 10:34:28 DEBUG PathMatchingResourcePatternResolver:612 - Searching directory [D:\Retail\Retail\target\classes\com\javahome\app] for files matching pattern [D:/Retail/Retail/target/classes/com/**/*.class]
2014-08-11 10:34:28 DEBUG PathMatchingResourcePatternResolver:612 - Searching directory [D:\Retail\Retail\target\classes\com\javahome\app\assemblers] for files matching pattern [D:/Retail/Retail/target/classes/com/**/*.class]
2014-08-11 10:34:28 DEBUG PathMatchingResourcePatternResolver:612 - Searching directory [D:\Retail\Retail\target\classes\com\javahome\app\facade] for files matching pattern [D:/Retail/Retail/target/classes/com/**/*.class]
2014-08-11 10:34:28 DEBUG PathMatchingResourcePatternResolver:612 - Searching directory [D:\Retail\Retail\target\classes\com\javahome\app\service] for files matching pattern [D:/Retail/Retail/target/classes/com/**/*.class]
2014-08-11 10:34:28 DEBUG PathMatchingResourcePatternResolver:612 - Searching directory [D:\Retail\Retail\target\classes\com\javahome\dao] for files matching pattern [D:/Retail/Retail/target/classes/com/**/*.class]
2014-08-11 10:34:28 DEBUG PathMatchingResourcePatternResolver:612 - Searching directory [D:\Retail\Retail\target\classes\com\javahome\dao\entity] for files matching pattern [D:/Retail/Retail/target/classes/com/**/*.class]
2014-08-11 10:34:28 DEBUG PathMatchingResourcePatternResolver:612 - Searching directory [D:\Retail\Retail\target\classes\com\javahome\web] for files matching pattern [D:/Retail/Retail/target/classes/com/**/*.class]
2014-08-11 10:34:28 DEBUG PathMatchingResourcePatternResolver:612 - Searching directory [D:\Retail\Retail\target\classes\com\javahome\web\controllers] for files matching pattern [D:/Retail/Retail/target/classes/com/**/*.class]
2014-08-11 10:34:28 DEBUG PathMatchingResourcePatternResolver:612 - Searching directory [D:\Retail\Retail\target\classes\com\javahome\web\vo] for files matching pattern [D:/Retail/Retail/target/classes/com/**/*.class]
2014-08-11 10:34:28 DEBUG PathMatchingResourcePatternResolver:612 - Searching directory [D:\Retail\Retail\target\classes\com\sample] for files matching pattern [D:/Retail/Retail/target/classes/com/**/*.class]
2014-08-11 10:34:28 DEBUG PathMatchingResourcePatternResolver:612 - Searching directory [D:\Retail\Retail\target\classes\com\sample\flow] for files matching pattern [D:/Retail/Retail/target/classes/com/**/*.class]
2014-08-11 10:34:28 DEBUG PathMatchingResourcePatternResolver:464 - Looking for matching resources in jar file [file:/C:/Users/Nirakar/.m2/repository/mysql/mysql-connector-java/5.1.20/mysql-connector-java-5.1.20.jar]
2014-08-11 10:34:28 DEBUG PathMatchingResourcePatternResolver:351 - Resolved location pattern [classpath*:com/**/*.class] to resources [file [D:\Retail\Retail\target\test-classes\com\sample\flow\UserServiceTest.class], file [D:\Retail\Retail\target\classes\com\javahome\app\assemblers\StockAddAssembler.class], file [D:\Retail\Retail\target\classes\com\javahome\app\assemblers\UserAssembler.class], file [D:\Retail\Retail\target\classes\com\javahome\app\facade\ApplicationFacade.class], file [D:\Retail\Retail\target\classes\com\javahome\app\service\IStockAdd.class], file [D:\Retail\Retail\target\classes\com\javahome\app\service\IStockAddService.class], file [D:\Retail\Retail\target\classes\com\javahome\app\service\IUserService.class], file [D:\Retail\Retail\target\classes\com\javahome\app\service\StockAdd.class], file [D:\Retail\Retail\target\classes\com\javahome\app\service\StockAddService.class], file [D:\Retail\Retail\target\classes\com\javahome\app\service\UserService.class], file [D:\Retail\Retail\target\classes\com\javahome\dao\BaseDao.class], file [D:\Retail\Retail\target\classes\com\javahome\dao\entity\RoleEntity.class], file [D:\Retail\Retail\target\classes\com\javahome\dao\entity\StockAddEntity.class], file [D:\Retail\Retail\target\classes\com\javahome\dao\entity\UserEntity.class], file [D:\Retail\Retail\target\classes\com\javahome\dao\IStockAddDao.class], file [D:\Retail\Retail\target\classes\com\javahome\dao\StockAddDao.class], file [D:\Retail\Retail\target\classes\com\javahome\dao\UserDao.class], file [D:\Retail\Retail\target\classes\com\javahome\web\controllers\StockController.class], file [D:\Retail\Retail\target\classes\com\javahome\web\controllers\UserController.class], file [D:\Retail\Retail\target\classes\com\javahome\web\vo\StockVO.class], file [D:\Retail\Retail\target\classes\com\javahome\web\vo\UserVO.class], file [D:\Retail\Retail\target\classes\com\sample\flow\ApplicationFacade.class], file [D:\Retail\Retail\target\classes\com\sample\flow\BaseDao.class], file [D:\Retail\Retail\target\classes\com\sample\flow\DaoException.class], file [D:\Retail\Retail\target\classes\com\sample\flow\IApplicationFacade.class], file [D:\Retail\Retail\target\classes\com\sample\flow\IBaseDao.class], file [D:\Retail\Retail\target\classes\com\sample\flow\IUserDao.class], file [D:\Retail\Retail\target\classes\com\sample\flow\IUserService.class], file [D:\Retail\Retail\target\classes\com\sample\flow\ResponseStatus.class], file [D:\Retail\Retail\target\classes\com\sample\flow\UserAlreadyExitsException.class], file [D:\Retail\Retail\target\classes\com\sample\flow\UserAssembler.class], file [D:\Retail\Retail\target\classes\com\sample\flow\UserController.class], file [D:\Retail\Retail\target\classes\com\sample\flow\UserDao.class], file [D:\Retail\Retail\target\classes\com\sample\flow\UserEntity.class], file [D:\Retail\Retail\target\classes\com\sample\flow\UserService.class], file [D:\Retail\Retail\target\classes\com\sample\flow\UserVO.class], URL [jar:file:/C:/Users/Nirakar/.m2/repository/mysql/mysql-connector-java/5.1.20/mysql-connector-java-5.1.20.jar!/com/mysql/jdbc/AssertionFailedException.class], URL [jar:file:/C:/Users/Nirakar/.m2/repository/mysql/mysql-connector-java/5.1.20/mysql-connector-java-5.1.20.jar!/com/mysql/jdbc/AuthenticationPlugin.class], URL [jar:file:/C:/Users/Nirakar/.m2/repository/mysql/mysql-connector-java/5.1.20/mysql-connector-java-5.1.20.jar!/com/mysql/jdbc/BalanceStrategy.class], URL [jar:file:/C:/Users/Nirakar/.m2/repository/mysql/mysql-connector-java/5.1.20/mysql-connector-java-5.1.20.jar!/com/mysql/jdbc/BestResponseTimeBalanceStrategy.class], URL [jar:file:/C:/Users/Nirakar/.m2/repository/mysql/mysql-connector-java/5.1.20/mysql-connector-java-5.1.20.jar!/com/mysql/jdbc/Blob.class], URL [jar:file:/C:/Users/Nirakar/.m2/repository/mysql/mysql-connector-java/5.1.20/mysql-connector-java-5.1.20.jar!/com/mysql/jdbc/BlobFromLocator$LocatorInputStream.class], URL [jar:file:/C:/Users/Nirakar/.m2/repository/mysql/mysql-connector-java/5.1.20/mysql-connector-java-5.1.20.jar!/com/mysql/jdbc/BlobFromLocator.class], URL [jar:file:/C:/Users/Nirakar/.m2/repository/mysql/mysql-connector-java/5.1.20/mysql-connector-java-5.1.20.jar!/com/mysql/jdbc/Buffer.class], URL [jar:file:/C:/Users/Nirakar/.m2/repository/mysql/mysql-connector-java/5.1.20/mysql-connector-java-5.1.20.jar!/com/mysql/jdbc/BufferRow.class], URL [jar:file:/C:/Users/Nirakar/.m2/repository/mysql/mysql-connector-java/5.1.20/mysql-connector-java-5.1.20.jar!/com/mysql/jdbc/ByteArrayRow.class], URL [jar:file:/C:/Users/Nirakar/.m2/repository/mysql/mysql-connector-java/5.1.20/mysql-connector-java-5.1.20.jar!/com/mysql/jdbc/CachedResultSetMetaData.class], URL [jar:file:/C:/Users/Nirakar/.m2/repository/mysql/mysql-connector-java/5.1.20/mysql-connector-java-5.1.20.jar!/com/mysql/jdbc/CallableStatement$CallableStatementParam.class], URL [jar:file:/C:/Users/Nirakar/.m2/repository/mysql/mysql-connector-java/5.1.20/mysql-connector-java-5.1.20.jar!/com/mysql/jdbc/CallableStatement$CallableStatementParamInfo.class], URL [jar:file:/C:/Users/Nirakar/.m2/repository/mysql/mysql-connector-java/5.1.20/mysql-connector-java-5.1.20.jar!/com/mysql/jdbc/CallableStatement$CallableStatementParamInfoJDBC3.class], URL [jar:file:/C:/Users/Nirakar/.m2/repository/mysql/mysql-connector-java/5.1.20/mysql-connector-java-5.1.20.jar!/com/mysql/jdbc/CallableStatement.class], URL [jar:file:/C:/Users/Nirakar/.m2/repository/mysql/mysql-connector-java/5.1.20/mysql-connector-java-5.1.20.jar!/com/mysql/jdbc/CharsetMapping.class], URL [jar:file:/C:/Users/Nirakar/.m2/repository/mysql/mysql-connector-java/5.1.20/mysql-connector-java-5.1.20.jar!/com/mysql/jdbc/Clob.class], URL [jar:file:/C:/Users/Nirakar/.m2/repository/mysql/mysql-connector-java/5.1.20/mysql-connector-java-5.1.20.jar!/com/mysql/jdbc/Collation.class], URL [jar:file:/C:/Users/Nirakar/.m2/repository/mysql/mysql-connector-java/5.1.20/mysql-connector-java-5.1.20.jar!/com/mysql/jdbc/CommunicationsException.class], URL [jar:file:/C:/Users/Nirakar/.m2/repository/mysql/mysql-connector-java/5.1.20/mysql-connector-java-5.1.20.jar!/com/mysql/jdbc/CompressedInputStream.class], URL [jar:file:/C:/Users/Nirakar/.m2/repository/mysql/mysql-connector-java/5.1.20/mysql-connector-java-5.1.20.jar!/com/mysql/jdbc/Connection.class], URL [jar:file:/C:/Users/Nirakar/.m2/repository/mysql/mysql-connector-java/5.1.20/mysql-connector-java-5.1.20.jar!/com/mysql/jdbc/ConnectionFeatureNotAvailableException.class], URL [jar:file:/C:/Users/Nirakar/.m2/repository/mysql/mysql-connector-java/5.1.20/mysql-connector-java-5.1.20.jar!/com/mysql/jdbc/ConnectionGroup.class], URL [jar:file:/C:/Users/Nirakar/.m2/repository/mysql/mysql-connector-java/5.1.20/mysql-connector-java-5.1.20.jar!/com/mysql/jdbc/ConnectionGroupManager.class], URL [jar:file:/C:/Users/Nirakar/.m2/repository/mysql/mysql-connector-java/5.1.20/mysql-connector-java-5.1.20.jar!/com/mysql/jdbc/ConnectionImpl$1.class], URL [jar:file:/C:/Users/Nirakar/.m2/repository/mysql/mysql-connector-java/5.1.20/mysql-connector-java-5.1.20.jar!/com/mysql/jdbc/ConnectionImpl$2.class], URL [jar:file:/C:/Users/Nirakar/.m2/repository/mysql/mysql-connector-java/5.1.20/mysql-connector-java-5.1.20.jar!/com/mysql/jdbc/ConnectionImpl$3.class], URL [jar:file:/C:/Users/Nirakar/.m2/repository/mysql/mysql-connector-java/5.1.20/mysql-connector-java-5.1.20.jar!/com/mysql/jdbc/ConnectionImpl$4.class], URL [jar:file:/C:/Users/Nirakar/.m2/repository/mysql/mysql-connector-java/5.1.20/mysql-connector-java-5.1.20.jar!/com/mysql/jdbc/ConnectionImpl$5.class], URL [jar:file:/C:/Users/Nirakar/.m2/repository/mysql/mysql-connector-java/5.1.20/mysql-connector-java-5.1.20.jar!/com/mysql/jdbc/ConnectionImpl$6.class], URL [jar:file:/C:/Users/Nirakar/.m2/repository/mysql/mysql-connector-java/5.1.20/mysql-connector-java-5.1.20.jar!/com/mysql/jdbc/ConnectionImpl$7.class], URL [jar:file:/C:/Users/Nirakar/.m2/repository/mysql/mysql-connector-java/5.1.20/mysql-connector-java-5.1.20.jar!/com/mysql/jdbc/ConnectionImpl$8.class], URL [jar:file:/C:/Users/Nirakar/.m2/repository/mysql/mysql-connector-java/5.1.20/mysql-connector-java-5.1.20.jar!/com/mysql/jdbc/ConnectionImpl$9.class], URL [jar:file:/C:/Users/Nirakar/.m2/repository/mysql/mysql-connector-java/5.1.20/mysql-connector-java-5.1.20.jar!/com/mysql/jdbc/ConnectionImpl$CompoundCacheKey.class], URL [jar:file:/C:/Users/Nirakar/.m2/repository/mysql/mysql-connector-java/5.1.20/mysql-connector-java-5.1.20.jar!/com/mysql/jdbc/ConnectionImpl$ExceptionInterceptorChain.class], URL [jar:file:/C:/Users/Nirakar/.m2/repository/mysql/mysql-connector-java/5.1.20/mysql-connector-java-5.1.20.jar!/com/mysql/jdbc/ConnectionImpl.class], URL [jar:file:/C:/Users/Nirakar/.m2/repository/mysql/mysql-connector-java/5.1.20/mysql-connector-java-5.1.20.jar!/com/mysql/jdbc/ConnectionLifecycleInterceptor.class], URL [jar:file:/C:/Users/Nirakar/.m2/repository/mysql/mysql-connector-java/5.1.20/mysql-connector-java-5.1.20.jar!/com/mysql/jdbc/ConnectionProperties.class], URL [jar:file:/C:/Users/Nirakar/.m2/repository/mysql/mysql-connector-java/5.1.20/mysql-connector-java-5.1.20.jar!/com/mysql/jdbc/ConnectionPropertiesImpl$1.class], URL [jar:file:/C:/Users/Nirakar/.m2/repository/mysql/mysql-connector-java/5.1.20/mysql-connector-java-5.1.20.jar!/com/mysql/jdbc/ConnectionPropertiesImpl$BooleanConnectionProperty.class], URL [jar:file:/C:/Users/Nirakar/.m2/repository/mysql/mysql-connector-java/5.1.20/mysql-connector-java-5.1.20.jar!/com/mysql/jdbc/ConnectionPropertiesImpl$ConnectionProperty.class], URL [jar:file:/C:/Users/Nirakar/.m2/repository/mysql/mysql-connector-java/5.1.20/mysql-connector-java-5.1.20.jar!/com/mysql/jdbc/ConnectionPropertiesImpl$IntegerConnectionProperty.class], URL [jar:file:/C:/Users/Nirakar/.m2/repository/mysql/mysql-connector-java/5.1.20/mysql-connector-java-5.1.20.jar!/com/mysql/jdbc/ConnectionPropertiesImpl$LongConnectionProperty.class], URL [jar:file:/C:/Users/Nirakar/.m2/repository/mysql/mysql-connector-java/5.1.20/mysql-connector-java-5.1.20.jar!/com/mysql/jdbc/ConnectionPropertiesImpl$MemorySizeConnectionProperty.class], URL [jar:file:/C:/Users/Nirakar/.m2/repository/mysql/mysql-connector-java/5.1.20/mysql-connector-java-5.1.20.jar!/com/mysql/jdbc/ConnectionPropertiesImpl$StringConnectionProperty.class], URL [jar:file:/C:/Users/Nirakar/.m2/repository/mysql/mysql-connector-java/5.1.20/mysql-connector-java-5.1.20.jar!/com/mysql/jdbc/ConnectionPropertiesImpl.class], URL [jar:file:/C:/Users/Nirakar/.m2/repository/mysql/mysql-connector-java/5.1.20/mysql-connector-java-5.1.20.jar!/com/mysql/jdbc/ConnectionPropertiesTransform.class], URL [jar:file:/C:/Users/Nirakar/.m2/repository/mysql/mysql-connector-java/5.1.20/mysql-connector-java-5.1.20.jar!/com/mysql/jdbc/Constants.class], URL [jar:file:/C:/Users/Nirakar/.m2/repository/mysql/mysql-connector-java/5.1.20/mysql-connector-java-5.1.20.jar!/com/mysql/jdbc/DatabaseMetaData$1.class], URL [jar:file:/C:/Users/Nirakar/.m2/repository/mysql/mysql-connector-java/5.1.20/mysql-connector-java-5.1.20.jar!/com/mysql/jdbc/DatabaseMetaData$2.class], URL [jar:file:/C:/Users/Nirakar/.m2/repository/mysql/mysql-connector-java/5.1.20/mysql-connector-java-5.1.20.jar!/com/mysql/jdbc/DatabaseMetaData$3.class], URL [jar:file:/C:/Users/Nirakar/.m2/repository/mysql/mysql-connector-java/5.1.20/mysql-connector-java-5.1.20.jar!/com/mysql/jdbc/DatabaseMetaData$4.class], URL [jar:file:/C:/Users/Nirakar/.m2/repository/mysql/mysql-connector-java/5.1.20/mysql-connector-java-5.1.20.jar!/com/mysql/jdbc/DatabaseMetaData$5.class], URL [jar:file:/C:/Users/Nirakar/.m2/repository/mysql/mysql-connector-java/5.1.20/mysql-connector-java-5.1.20.jar!/com/mysql/jdbc/DatabaseMetaData$6.class], URL [jar:file:/C:/Users/Nirakar/.m2/repository/mysql/mysql-connector-java/5.1.20/mysql-connector-java-5.1.20.jar!/com/mysql/jdbc/DatabaseMetaData$7.class], URL [jar:file:/C:/Users/Nirakar/.m2/repository/mysql/mysql-connector-java/5.1.20/mysql-connector-java-5.1.20.jar!/com/mysql/jdbc/DatabaseMetaData$8.class], URL [jar:file:/C:/Users/Nirakar/.m2/repository/mysql/mysql-connector-java/5.1.20/mysql-connector-java-5.1.20.jar!/com/mysql/jdbc/DatabaseMetaData$9.class], URL [jar:file:/C:/Users/Nirakar/.m2/repository/mysql/mysql-connector-java/5.1.20/mysql-connector-java-5.1.20.jar!/com/mysql/jdbc/DatabaseMetaData$IteratorWithCleanup.class], URL [jar:file:/C:/Users/Nirakar/.m2/repository/mysql/mysql-connector-java/5.1.20/mysql-connector-java-5.1.20.jar!/com/mysql/jdbc/DatabaseMetaData$LocalAndReferencedColumns.class], URL [jar:file:/C:/Users/Nirakar/.m2/repository/mysql/mysql-connector-java/5.1.20/mysql-connector-java-5.1.20.jar!/com/mysql/jdbc/DatabaseMetaData$ResultSetIterator.class], URL [jar:file:/C:/Users/Nirakar/.m2/repository/mysql/mysql-connector-java/5.1.20/mysql-connector-java-5.1.20.jar!/com/mysql/jdbc/DatabaseMetaData$SingleStringIterator.class], URL [jar:file:/C:/Users/Nirakar/.m2/repository/mysql/mysql-connector-java/5.1.20/mysql-connector-java-5.1.20.jar!/com/mysql/jdbc/DatabaseMetaData$TypeDescriptor.class], URL [jar:file:/C:/Users/Nirakar/.m2/repository/mysql/mysql-connector-java/5.1.20/mysql-connector-java-5.1.20.jar!/com/mysql/jdbc/DatabaseMetaData.class], URL [jar:file:/C:/Users/Nirakar/.m2/repository/mysql/mysql-connector-java/5.1.20/mysql-connector-java-5.1.20.jar!/com/mysql/jdbc/DatabaseMetaDataUsingInfoSchema.class], URL [jar:file:/C:/Users/Nirakar/.m2/repository/mysql/mysql-connector-java/5.1.20/mysql-connector-java-5.1.20.jar!/com/mysql/jdbc/DocsConnectionPropsHelper.class], URL [jar:file:/C:/Users/Nirakar/.m2/repository/mysql/mysql-connector-java/5.1.20/mysql-connector-java-5.1.20.jar!/com/mysql/jdbc/Driver.class], URL [jar:file:/C:/Users/Nirakar/.m2/repository/mysql/mysql-connector-java/5.1.20/mysql-connector-java-5.1.20.jar!/com/mysql/jdbc/EscapeProcessor.class], URL [jar:file:/C:/Users/Nirakar/.m2/repository/mysql/mysql-connector-java/5.1.20/mysql-connector-java-5.1.20.jar!/com/mysql/jdbc/EscapeProcessorResult.class], URL [jar:file:/C:/Users/Nirakar/.m2/repository/mysql/mysql-connector-java/5.1.20/mysql-connector-java-5.1.20.jar!/com/mysql/jdbc/EscapeTokenizer.class], URL [jar:file:/C:/Users/Nirakar/.m2/repository/mysql/mysql-connector-java/5.1.20/mysql-connector-java-5.1.20.jar!/com/mysql/jdbc/ExceptionInterceptor.class], URL [jar:file:/C:/Users/Nirakar/.m2/repository/mysql/mysql-connector-java/5.1.20/mysql-connector-java-5.1.20.jar!/com/mysql/jdbc/ExportControlled$1.class], URL [jar:file:/C:/Users/Nirakar/.m2/repository/mysql/mysql-connector-java/5.1.20/mysql-connector-java-5.1.20.jar!/com/mysql/jdbc/ExportControlled.class], URL [jar:file:/C:/Users/Nirakar/.m2/repository/mysql/mysql-connector-java/5.1.20/mysql-connector-java-5.1.20.jar!/com/mysql/jdbc/Extension.class], URL [jar:file:/C:/Users/Nirakar/.m2/repository/mysql/mysql-connector-java/5.1.20/mysql-connector-java-5.1.20.jar!/com/mysql/jdbc/FailoverConnectionProxy$FailoverInvocationHandler.class], URL [jar:file:/C:/Users/Nirakar/.m2/repository/mysql/mysql-connector-java/5.1.20/mysql-connector-java-5.1.20.jar!/com/mysql/jdbc/FailoverConnectionProxy.class], URL [jar:file:/C:/Users/Nirakar/.m2/repository/mysql/mysql-connector-java/5.1.20/mysql-connector-java-5.1.20.jar!/com/mysql/jdbc/Field.class], URL [jar:file:/C:/Users/Nirakar/.m2/repository/mysql/mysql-connector-java/5.1.20/mysql-connector-java-5.1.20.jar!/com/mysql/jdbc/IterateBlock.class], URL [jar:file:/C:/Users/Nirakar/.m2/repository/mysql/mysql-connector-java/5.1.20/mysql-connector-java-5.1.20.jar!/com/mysql/jdbc/JDBC4CallableStatement.class], URL [jar:file:/C:/Users/Nirakar/.m2/repository/mysql/mysql-connector-java/5.1.20/mysql-connector-java-5.1.20.jar!/com/mysql/jdbc/JDBC4ClientInfoProvider.class], URL [jar:file:/C:/Users/Nirakar/.m2/repository/mysql/mysql-connector-java/5.1.20/mysql-connector-java-5.1.20.jar!/com/mysql/jdbc/JDBC4ClientInfoProviderSP.class], URL [jar:file:/C:/Users/Nirakar/.m2/repository/mysql/mysql-connector-java/5.1.20/mysql-connector-java-5.1.20.jar!/com/mysql/jdbc/JDBC4CommentClientInfoProvider.class], URL [jar:file:/C:/Users/Nirakar/.m2/repository/mysql/mysql-connector-java/5.1.20/mysql-connector-java-5.1.20.jar!/com/mysql/jdbc/JDBC4Connection.class], URL [jar:file:/C:/Users/Nirakar/.m2/repository/mysql/mysql-connector-java/5.1.20/mysql-connector-java-5.1.20.jar!/com/mysql/jdbc/JDBC4DatabaseMetaData.class], URL [jar:file:/C:/Users/Nirakar/.m2/repository/mysql/mysql-connector-java/5.1.20/mysql-connector-java-5.1.20.jar!/com/mysql/jdbc/JDBC4DatabaseMetaDataUsingInfoSchema.class], URL [jar:file:/C:/Users/Nirakar/.m2/repository/mysql/mysql-connector-java/5.1.20/mysql-connector-java-5.1.20.jar!/com/mysql/jdbc/JDBC4LoadBalancedMySQLConnection.class], URL [jar:file:/C:/Users/Nirakar/.m2/repository/mysql/mysql-connector-java/5.1.20/mysql-connector-java-5.1.20.jar!/com/mysql/jdbc/JDBC4MySQLConnection.class], URL [jar:file:/C:/Users/Nirakar/.m2/repository/mysql/mysql-connector-java/5.1.20/mysql-connector-java-5.1.20.jar!/com/mysql/jdbc/JDBC4MysqlSQLXML$SimpleSaxToReader.class], URL [jar:file:/C:/Users/Nirakar/.m2/repository/mysql/mysql-connector-java/5.1.20/mysql-connector-java-5.1.20.jar!/com/mysql/jdbc/JDBC4MysqlSQLXML.class], URL [jar:file:/C:/Users/Nirakar/.m2/repository/mysql/mysql-connector-java/5.1.20/mysql-connector-java-5.1.20.jar!/com/mysql/jdbc/JDBC4NClob.class], URL [jar:file:/C:/Users/Nirakar/.m2/repository/mysql/mysql-connector-java/5.1.20/mysql-connector-java-5.1.20.jar!/com/mysql/jdbc/JDBC4PreparedStatement.class], URL [jar:file:/C:/Users/Nirakar/.m2/repository/mysql/mysql-connector-java/5.1.20/mysql-connector-java-5.1.20.jar!/com/mysql/jdbc/JDBC4PreparedStatementHelper.class], URL [jar:file:/C:/Users/Nirakar/.m2/repository/mysql/mysql-connector-java/5.1.20/mysql-connector-java-5.1.20.jar!/com/mysql/jdbc/JDBC4ResultSet.class], URL [jar:file:/C:/Users/Nirakar/.m2/repository/mysql/mysql-connector-java/5.1.20/mysql-connector-java-5.1.20.jar!/com/mysql/jdbc/JDBC4ServerPreparedStatement.class], URL [jar:file:/C:/Users/Nirakar/.m2/repository/mysql/mysql-connector-java/5.1.20/mysql-connector-java-5.1.20.jar!/com/mysql/jdbc/JDBC4UpdatableResultSet.class], URL [jar:file:/C:/Users/Nirakar/.m2/repository/mysql/mysql-connector-java/5.1.20/mysql-connector-java-5.1.20.jar!/com/mysql/jdbc/LicenseConfiguration.class], URL [jar:file:/C:/Users/Nirakar/.m2/repository/mysql/mysql-connector-java/5.1.20/mysql-connector-java-5.1.20.jar!/com/mysql/jdbc/LoadBalanceExceptionChecker.class], URL [jar:file:/C:/Users/Nirakar/.m2/repository/mysql/mysql-connector-java/5.1.20/mysql-connector-java-5.1.20.jar!/com/mysql/jdbc/LoadBalancedAutoCommitInterceptor.class], URL [jar:file:/C:/Users/Nirakar/.m2/repository/mysql/mysql-connector-java/5.1.20/mysql-connector-java-5.1.20.jar!/com/mysql/jdbc/LoadBalancedMySQLConnection.class], URL [jar:file:/C:/Users/Nirakar/.m2/repository/mysql/mysql-connector-java/5.1.20/mysql-connector-java-5.1.20.jar!/com/mysql/jdbc/LoadBalancingConnectionProxy$ConnectionErrorFiringInvocationHandler.class], URL [jar:file:/C:/Users/Nirakar/.m2/repository/mysql/mysql-connector-java/5.1.20/mysql-connector-java-5.1.20.jar!/com/mysql/jdbc/LoadBalancingConnectionProxy.class], URL [jar:file:/C:/Users/Nirakar/.m2/repository/mysql/mysql-connector-java/5.1.20/mysql-connector-java-5.1.20.jar!/com/mysql/jdbc/Messages.class], URL [jar:file:/C:/Users/Nirakar/.m2/repository/mysql/mysql-connector-java/5.1.20/mysql-connector-java-5.1.20.jar!/com/mysql/jdbc/MiniAdmin.class], URL [jar:file:/C:/Users/Nirakar/.m2/repository/mysql/mysql-connector-java/5.1.20/mysql-connector-java-5.1.20.jar!/com/mysql/jdbc/MySQLConnection.class], URL [jar:file:/C:/Users/Nirakar/.m2/repository/mysql/mysql-connector-java/5.1.20/mysql-connector-java-5.1.20.jar!/com/mysql/jdbc/MysqlDataTruncation.class], URL [jar:file:/C:/Users/Nirakar/.m2/repository/mysql/mysql-connector-java/5.1.20/mysql-connector-java-5.1.20.jar!/com/mysql/jdbc/MysqlDefs.class], URL [jar:file:/C:/Users/Nirakar/.m2/repository/mysql/mysql-connector-java/5.1.20/mysql-connector-java-5.1.20.jar!/com/mysql/jdbc/MysqlErrorNumbers.class], URL [jar:file:/C:/Users/Nirakar/.m2/repository/mysql/mysql-connector-java/5.1.20/mysql-connector-java-5.1.20.jar!/com/mysql/jdbc/MysqlIO.class], URL [jar:file:/C:/Users/Nirakar/.m2/repository/mysql/mysql-connector-java/5.1.20/mysql-connector-java-5.1.20.jar!/com/mysql/jdbc/MysqlParameterMetadata.class], URL [jar:file:/C:/Users/Nirakar/.m2/repository/mysql/mysql-connector-java/5.1.20/mysql-connector-java-5.1.20.jar!/com/mysql/jdbc/MysqlSavepoint.class], URL [jar:file:/C:/Users/Nirakar/.m2/repository/mysql/mysql-connector-java/5.1.20/mysql-connector-java-5.1.20.jar!/com/mysql/jdbc/NamedPipeSocketFactory$NamedPipeSocket.class], URL [jar:file:/C:/Users/Nirakar/.m2/repository/mysql/mysql-connector-java/5.1.20/mysql-connector-java-5.1.20.jar!/com/mysql/jdbc/NamedPipeSocketFactory$RandomAccessFileInputStream.class], URL [jar:file:/C:/Users/Nirakar/.m2/repository/mysql/mysql-connector-java/5.1.20/mysql-connector-java-5.1.20.jar!/com/mysql/jdbc/NamedPipeSocketFactory$RandomAccessFileOutputStream.class], URL [jar:file:/C:/Users/Nirakar/.m2/repository/mysql/mysql-connector-java/5.1.20/mysql-connector-java-5.1.20.jar!/com/mysql/jdbc/NamedPipeSocketFactory.class], URL [jar:file:/C:/Users/Nirakar/.m2/repository/mysql/mysql-connector-java/5.1.20/mysql-connector-java-5.1.20.jar!/com/mysql/jdbc/NdbLoadBalanceExceptionChecker.class], URL [jar:file:/C:/Users/Nirakar/.m2/repository/mysql/mysql-connector-java/5.1.20/mysql-connector-java-5.1.20.jar!/com/mysql/jdbc/NoSubInterceptorWrapper.class], URL [jar:file:/C:/Users/Nirakar/.m2/repository/mysql/mysql-connector-java/5.1.20/mysql-connector-java-5.1.20.jar!/com/mysql/jdbc/NonRegisteringDriver.class], URL [jar:file:/C:/Users/Nirakar/.m2/repository/mysql/mysql-connector-java/5.1.20/mysql-connector-java-5.1.20.jar!/com/mysql/jdbc/NonRegisteringReplicationDriver.class], URL [jar:file:/C:/Users/Nirakar/.m2/repository/mysql/mysql-connector-java/5.1.20/mysql-connector-java-5.1.20.jar!/com/mysql/jdbc/NotImplemented.class], URL [jar:file:/C:/Users/Nirakar/.m2/repository/mysql/mysql-connector-java/5.1.20/mysql-connector-java-5.1.20.jar!/com/mysql/jdbc/NotUpdatable.class], URL [jar:file:/C:/Users/Nirakar/.m2/repository/mysql/mysql-connector-java/5.1.20/mysql-connector-java-5.1.20.jar!/com/mysql/jdbc/OperationNotSupportedException.class], URL [jar:file:/C:/Users/Nirakar/.m2/repository/mysql/mysql-connector-java/5.1.20/mysql-connector-java-5.1.20.jar!/com/mysql/jdbc/OutputStreamWatcher.class], URL [jar:file:/C:/Users/Nirakar/.m2/repository/mysql/mysql-connector-java/5.1.20/mysql-connector-java-5.1.20.jar!/com/mysql/jdbc/PacketTooBigException.class], URL [jar:file:/C:/Users/Nirakar/.m2/repository/mysql/mysql-connector-java/5.1.20/mysql-connector-java-5.1.20.jar!/com/mysql/jdbc/ParameterBindings.class], URL [jar:file:/C:/Users/Nirakar/.m2/repository/mysql/mysql-connector-java/5.1.20/mysql-connector-java-5.1.20.jar!/com/mysql/jdbc/PingTarget.class], URL [jar:file:/C:/Users/Nirakar/.m2/repository/mysql/mysql-connector-java/5.1.20/mysql-connector-java-5.1.20.jar!/com/mysql/jdbc/PreparedStatement$AppendingBatchVisitor.class], URL [jar:file:/C:/Users/Nirakar/.m2/repository/mysql/mysql-connector-java/5.1.20/mysql-connector-java-5.1.20.jar!/com/mysql/jdbc/PreparedStatement$BatchParams.class], URL [jar:file:/C:/Users/Nirakar/.m2/repository/mysql/mysql-connector-java/5.1.20/mysql-connector-java-5.1.20.jar!/com/mysql/jdbc/PreparedStatement$BatchVisitor.class], URL [jar:file:/C:/Users/Nirakar/.m2/repository/mysql/mysql-connector-java/5.1.20/mysql-connector-java-5.1.20.jar!/com/mysql/jdbc/PreparedStatement$EmulatedPreparedStatementBindings.class], URL [jar:file:/C:/Users/Nirakar/.m2/repository/mysql/mysql-connector-java/5.1.20/mysql-connector-java-5.1.20.jar!/com/mysql/jdbc/PreparedStatement$EndPoint.class], URL [jar:file:/C:/Users/Nirakar/.m2/repository/mysql/mysql-connector-java/5.1.20/mysql-connector-java-5.1.20.jar!/com/mysql/jdbc/PreparedStatement$ParseInfo.class], URL [jar:file:/C:/Users/Nirakar/.m2/repository/mysql/mysql-connector-java/5.1.20/mysql-connector-java-5.1.20.jar!/com/mysql/jdbc/PreparedStatement.class], URL [jar:file:/C:/Users/Nirakar/.m2/repository/mysql/mysql-connector-java/5.1.20/mysql-connector-java-5.1.20.jar!/com/mysql/jdbc/ProfilerEventHandlerFactory.class], URL [jar:file:/C:/Users/Nirakar/.m2/repository/mysql/mysql-connector-java/5.1.20/mysql-connector-java-5.1.20.jar!/com/mysql/jdbc/RandomBalanceStrategy.class], URL [jar:file:/C:/Users/Nirakar/.m2/repository/mysql/mysql-connector-java/5.1.20/mysql-connector-java-5.1.20.jar!/com/mysql/jdbc/ReflectiveStatementInterceptorAdapter.class], URL [jar:file:/C:/Users/Nirakar/.m2/repository/mysql/mysql-connector-java/5.1.20/mysql-connector-java-5.1.20.jar!/com/mysql/jdbc/ReplicationConnection.class], URL [jar:file:/C:/Users/Nirakar/.m2/repository/mysql/mysql-connector-java/5.1.20/mysql-connector-java-5.1.20.jar!/com/mysql/jdbc/ReplicationDriver.class], URL [jar:file:/C:/Users/Nirakar/.m2/repository/mysql/mysql-connector-java/5.1.20/mysql-connector-java-5.1.20.jar!/com/mysql/jdbc/ResultSetImpl.class], URL [jar:file:/C:/Users/Nirakar/.m2/repository/mysql/mysql-connector-java/5.1.20/mysql-connector-java-5.1.20.jar!/com/mysql/jdbc/ResultSetInternalMethods.class], URL [jar:file:/C:/Users/Nirakar/.m2/repository/mysql/mysql-connector-java/5.1.20/mysql-connector-java-5.1.20.jar!/com/mysql/jdbc/ResultSetMetaData.class], URL [jar:file:/C:/Users/Nirakar/.m2/repository/mysql/mysql-connector-java/5.1.20/mysql-connector-java-5.1.20.jar!/com/mysql/jdbc/ResultSetRow.class], URL [jar:file:/C:/Users/Nirakar/.m2/repository/mysql/mysql-connector-java/5.1.20/mysql-connector-java-5.1.20.jar!/com/mysql/jdbc/RowData.class], URL [jar:file:/C:/Users/Nirakar/.m2/repository/mysql/mysql-connector-java/5.1.20/mysql-connector-java-5.1.20.jar!/com/mysql/jdbc/RowDataCursor.class], URL [jar:file:/C:/Users/Nirakar/.m2/repository/mysql/mysql-connector-java/5.1.20/mysql-connector-java-5.1.20.jar!/com/mysql/jdbc/RowDataDynamic$OperationNotSupportedException.class], URL [jar:file:/C:/Users/Nirakar/.m2/repository/mysql/mysql-connector-java/5.1.20/mysql-connector-java-5.1.20.jar!/com/mysql/jdbc/RowDataDynamic.class], URL [jar:file:/C:/Users/Nirakar/.m2/repository/mysql/mysql-connector-java/5.1.20/mysql-connector-java-5.1.20.jar!/com/mysql/jdbc/RowDataStatic.class], URL [jar:file:/C:/Users/Nirakar/.m2/repository/mysql/mysql-connector-java/5.1.20/mysql-connector-java-5.1.20.jar!/com/mysql/jdbc/SQLError.class], URL [jar:file:/C:/Users/Nirakar/.m2/repository/mysql/mysql-connector-java/5.1.20/mysql-connector-java-5.1.20.jar!/com/mysql/jdbc/Security.class], URL [jar:file:/C:/Users/Nirakar/.m2/repository/mysql/mysql-connector-java/5.1.20/mysql-connector-java-5.1.20.jar!/com/mysql/jdbc/SequentialBalanceStrategy.class], URL [jar:file:/C:/Users/Nirakar/.m2/repository/mysql/mysql-connector-java/5.1.20/mysql-connector-java-5.1.20.jar!/com/mysql/jdbc/ServerPreparedStatement$BatchedBindValues.class], URL [jar:file:/C:/Users/Nirakar/.m2/repository/mysql/mysql-connector-java/5.1.20/mysql-connector-java-5.1.20.jar!/com/mysql/jdbc/ServerPreparedStatement$BindValue.class], URL [jar:file:/C:/Users/Nirakar/.m2/repository/mysql/mysql-connector-java/5.1.20/mysql-connector-java-5.1.20.jar!/com/mysql/jdbc/ServerPreparedStatement.class], URL [jar:file:/C:/Users/Nirakar/.m2/repository/mysql/mysql-connector-java/5.1.20/mysql-connector-java-5.1.20.jar!/com/mysql/jdbc/SingleByteCharsetConverter.class], URL [jar:file:/C:/Users/Nirakar/.m2/repository/mysql/mysql-connector-java/5.1.20/mysql-connector-java-5.1.20.jar!/com/mysql/jdbc/SocketFactory.class], URL [jar:file:/C:/Users/Nirakar/.m2/repository/mysql/mysql-connector-java/5.1.20/mysql-connector-java-5.1.20.jar!/com/mysql/jdbc/SocketMetadata.class], URL [jar:file:/C:/Users/Nirakar/.m2/repository/mysql/mysql-connector-java/5.1.20/mysql-connector-java-5.1.20.jar!/com/mysql/jdbc/StandardLoadBalanceExceptionChecker.class], URL [jar:file:/C:/Users/Nirakar/.m2/repository/mysql/mysql-connector-java/5.1.20/mysql-connector-java-5.1.20.jar!/com/mysql/jdbc/StandardSocketFactory.class], URL [jar:file:/C:/Users/Nirakar/.m2/repository/mysql/mysql-connector-java/5.1.20/mysql-connector-java-5.1.20.jar!/com/mysql/jdbc/Statement.class], URL [jar:file:/C:/Users/Nirakar/.m2/repository/mysql/mysql-connector-java/5.1.20/mysql-connector-java-5.1.20.jar!/com/mysql/jdbc/StatementImpl$CancelTask$1.class], URL [jar:file:/C:/Users/Nirakar/.m2/repository/mysql/mysql-connector-java/5.1.20/mysql-connector-java-5.1.20.jar!/com/mysql/jdbc/StatementImpl$CancelTask.class], URL [jar:file:/C:/Users/Nirakar/.m2/repository/mysql/mysql-connector-java/5.1.20/mysql-connector-java-5.1.20.jar!/com/mysql/jdbc/StatementImpl.class], URL [jar:file:/C:/Users/Nirakar/.m2/repository/mysql/mysql-connector-java/5.1.20/mysql-connector-java-5.1.20.jar!/com/mysql/jdbc/StatementInterceptor.class], URL [jar:file:/C:/Users/Nirakar/.m2/repository/mysql/mysql-connector-java/5.1.20/mysql-connector-java-5.1.20.jar!/com/mysql/jdbc/StatementInterceptorV2.class], URL [jar:file:/C:/Users/Nirakar/.m2/repository/mysql/mysql-connector-java/5.1.20/mysql-connector-java-5.1.20.jar!/com/mysql/jdbc/StreamingNotifiable.class], URL [jar:file:/C:/Users/Nirakar/.m2/repository/mysql/mysql-connector-java/5.1.20/mysql-connector-java-5.1.20.jar!/com/mysql/jdbc/StringUtils.class], URL [jar:file:/C:/Users/Nirakar/.m2/repository/mysql/mysql-connector-java/5.1.20/mysql-connector-java-5.1.20.jar!/com/mysql/jdbc/TimeUtil.class], URL [jar:file:/C:/Users/Nirakar/.m2/repository/mysql/mysql-connector-java/5.1.20/mysql-connector-java-5.1.20.jar!/com/mysql/jdbc/UpdatableResultSet.class], URL [jar:file:/C:/Users/Nirakar/.m2/repository/mysql/mysql-connector-java/5.1.20/mysql-connector-java-5.1.20.jar!/com/mysql/jdbc/Util$RandStructcture.class], URL [jar:file:/C:/Users/Nirakar/.m2/repository/mysql/mysql-connector-java/5.1.20/mysql-connector-java-5.1.20.jar!/com/mysql/jdbc/Util.class], URL [jar:file:/C:/Users/Nirakar/.m2/repository/mysql/mysql-connector-java/5.1.20/mysql-connector-java-5.1.20.jar!/com/mysql/jdbc/V1toV2StatementInterceptorAdapter.class], URL [jar:file:/C:/Users/Nirakar/.m2/repository/mysql/mysql-connector-java/5.1.20/mysql-connector-java-5.1.20.jar!/com/mysql/jdbc/VersionedStringProperty.class], URL [jar:file:/C:/Users/Nirakar/.m2/repository/mysql/mysql-connector-java/5.1.20/mysql-connector-java-5.1.20.jar!/com/mysql/jdbc/WatchableOutputStream.class], URL [jar:file:/C:/Users/Nirakar/.m2/repository/mysql/mysql-connector-java/5.1.20/mysql-connector-java-5.1.20.jar!/com/mysql/jdbc/WatchableWriter.class], URL [jar:file:/C:/Users/Nirakar/.m2/repository/mysql/mysql-connector-java/5.1.20/mysql-connector-java-5.1.20.jar!/com/mysql/jdbc/WriterWatcher.class], URL [jar:file:/C:/Users/Nirakar/.m2/repository/mysql/mysql-connector-java/5.1.20/mysql-connector-java-5.1.20.jar!/com/mysql/jdbc/authentication/MysqlNativePasswordPlugin.class], URL [jar:file:/C:/Users/Nirakar/.m2/repository/mysql/mysql-connector-java/5.1.20/mysql-connector-java-5.1.20.jar!/com/mysql/jdbc/authentication/MysqlOldPasswordPlugin.class], URL [jar:file:/C:/Users/Nirakar/.m2/repository/mysql/mysql-connector-java/5.1.20/mysql-connector-java-5.1.20.jar!/com/mysql/jdbc/exceptions/DeadlockTimeoutRollbackMarker.class], URL [jar:file:/C:/Users/Nirakar/.m2/repository/mysql/mysql-connector-java/5.1.20/mysql-connector-java-5.1.20.jar!/com/mysql/jdbc/exceptions/MySQLDataException.class], URL [jar:file:/C:/Users/Nirakar/.m2/repository/mysql/mysql-connector-java/5.1.20/mysql-connector-java-5.1.20.jar!/com/mysql/jdbc/exceptions/MySQLIntegrityConstraintViolationException.class], URL [jar:file:/C:/Users/Nirakar/.m2/repository/mysql/mysql-connector-java/5.1.20/mysql-connector-java-5.1.20.jar!/com/mysql/jdbc/exceptions/MySQLInvalidAuthorizationSpecException.class], URL [jar:file:/C:/Users/Nirakar/.m2/repository/mysql/mysql-connector-java/5.1.20/mysql-connector-java-5.1.20.jar!/com/mysql/jdbc/exceptions/MySQLNonTransientConnectionException.class], URL [jar:file:/C:/Users/Nirakar/.m2/repository/mysql/mysql-connector-java/5.1.20/mysql-connector-java-5.1.20.jar!/com/mysql/jdbc/exceptions/MySQLNonTransientException.class], URL [jar:file:/C:/Users/Nirakar/.m2/repository/mysql/mysql-connector-java/5.1.20/mysql-connector-java-5.1.20.jar!/com/mysql/jdbc/exceptions/MySQLStatementCancelledException.class], URL [jar:file:/C:/Users/Nirakar/.m2/repository/mysql/mysql-connector-java/5.1.20/mysql-connector-java-5.1.20.jar!/com/mysql/jdbc/exceptions/MySQLSyntaxErrorException.class], URL [jar:file:/C:/Users/Nirakar/.m2/repository/mysql/mysql-connector-java/5.1.20/mysql-connector-java-5.1.20.jar!/com/mysql/jdbc/exceptions/MySQLTimeoutException.class], URL [jar:file:/C:/Users/Nirakar/.m2/repository/mysql/mysql-connector-java/5.1.20/mysql-connector-java-5.1.20.jar!/com/mysql/jdbc/exceptions/MySQLTransactionRollbackException.class], URL [jar:file:/C:/Users/Nirakar/.m2/repository/mysql/mysql-connector-java/5.1.20/mysql-connector-java-5.1.20.jar!/com/mysql/jdbc/exceptions/MySQLTransientConnectionException.class], URL [jar:file:/C:/Users/Nirakar/.m2/repository/mysql/mysql-connector-java/5.1.20/mysql-connector-java-5.1.20.jar!/com/mysql/jdbc/exceptions/MySQLTransientException.class], URL [jar:file:/C:/Users/Nirakar/.m2/repository/mysql/mysql-connector-java/5.1.20/mysql-connector-java-5.1.20.jar!/com/mysql/jdbc/exceptions/jdbc4/CommunicationsException.class], URL [jar:file:/C:/Users/Nirakar/.m2/repository/mysql/mysql-connector-java/5.1.20/mysql-connector-java-5.1.20.jar!/com/mysql/jdbc/exceptions/jdbc4/MySQLDataException.class], URL [jar:file:/C:/Users/Nirakar/.m2/repository/mysql/mysql-connector-java/5.1.20/mysql-connector-java-5.1.20.jar!/com/mysql/jdbc/exceptions/jdbc4/MySQLIntegrityConstraintViolationException.class], URL [jar:file:/C:/Users/Nirakar/.m2/repository/mysql/mysql-connector-java/5.1.20/mysql-connector-java-5.1.20.jar!/com/mysql/jdbc/exceptions/jdbc4/MySQLInvalidAuthorizationSpecException.class], URL [jar:file:/C:/Users/Nirakar/.m2/repository/mysql/mysql-connector-java/5.1.20/mysql-connector-java-5.1.20.jar!/com/mysql/jdbc/exceptions/jdbc4/MySQLNonTransientConnectionException.class], URL [jar:file:/C:/Users/Nirakar/.m2/repository/mysql/mysql-connector-java/5.1.20/mysql-connector-java-5.1.20.jar!/com/mysql/jdbc/exceptions/jdbc4/MySQLNonTransientException.class], URL [jar:file:/C:/Users/Nirakar/.m2/repository/mysql/mysql-connector-java/5.1.20/mysql-connector-java-5.1.20.jar!/com/mysql/jdbc/exceptions/jdbc4/MySQLSyntaxErrorException.class], URL [jar:file:/C:/Users/Nirakar/.m2/repository/mysql/mysql-connector-java/5.1.20/mysql-connector-java-5.1.20.jar!/com/mysql/jdbc/exceptions/jdbc4/MySQLTimeoutException.class], URL [jar:file:/C:/Users/Nirakar/.m2/repository/mysql/mysql-connector-java/5.1.20/mysql-connector-java-5.1.20.jar!/com/mysql/jdbc/exceptions/jdbc4/MySQLTransactionRollbackException.class], URL [jar:file:/C:/Users/Nirakar/.m2/repository/mysql/mysql-connector-java/5.1.20/mysql-connector-java-5.1.20.jar!/com/mysql/jdbc/exceptions/jdbc4/MySQLTransientConnectionException.class], URL [jar:file:/C:/Users/Nirakar/.m2/repository/mysql/mysql-connector-java/5.1.20/mysql-connector-java-5.1.20.jar!/com/mysql/jdbc/exceptions/jdbc4/MySQLTransientException.class], URL [jar:file:/C:/Users/Nirakar/.m2/repository/mysql/mysql-connector-java/5.1.20/mysql-connector-java-5.1.20.jar!/com/mysql/jdbc/integration/c3p0/MysqlConnectionTester.class], URL [jar:file:/C:/Users/Nirakar/.m2/repository/mysql/mysql-connector-java/5.1.20/mysql-connector-java-5.1.20.jar!/com/mysql/jdbc/integration/jboss/ExtendedMysqlExceptionSorter.class], URL [jar:file:/C:/Users/Nirakar/.m2/repository/mysql/mysql-connector-java/5.1.20/mysql-connector-java-5.1.20.jar!/com/mysql/jdbc/integration/jboss/MysqlValidConnectionChecker.class], URL [jar:file:/C:/Users/Nirakar/.m2/repository/mysql/mysql-connector-java/5.1.20/mysql-connector-java-5.1.20.jar!/com/mysql/jdbc/interceptors/ResultSetScannerInterceptor$1.class], URL [jar:file:/C:/Users/Nirakar/.m2/repository/mysql/mysql-connector-java/5.1.20/mysql-connector-java-5.1.20.jar!/com/mysql/jdbc/interceptors/ResultSetScannerInterceptor.class], URL [jar:file:/C:/Users/Nirakar/.m2/repository/mysql/mysql-connector-java/5.1.20/mysql-connector-java-5.1.20.jar!/com/mysql/jdbc/interceptors/ServerStatusDiffInterceptor.class], URL [jar:file:/C:/Users/Nirakar/.m2/repository/mysql/mysql-connector-java/5.1.20/mysql-connector-java-5.1.20.jar!/com/mysql/jdbc/interceptors/SessionAssociationInterceptor.class], URL [jar:file:/C:/Users/Nirakar/.m2/repository/mysql/mysql-connector-java/5.1.20/mysql-connector-java-5.1.20.jar!/com/mysql/jdbc/jdbc2/optional/CallableStatementWrapper.class], URL [jar:file:/C:/Users/Nirakar/.m2/repository/mysql/mysql-connector-java/5.1.20/mysql-connector-java-5.1.20.jar!/com/mysql/jdbc/jdbc2/optional/ConnectionWrapper.class], URL [jar:file:/C:/Users/Nirakar/.m2/repository/mysql/mysql-connector-java/5.1.20/mysql-connector-java-5.1.20.jar!/com/mysql/jdbc/jdbc2/optional/JDBC4CallableStatementWrapper.class], URL [jar:file:/C:/Users/Nirakar/.m2/repository/mysql/mysql-connector-java/5.1.20/mysql-connector-java-5.1.20.jar!/com/mysql/jdbc/jdbc2/optional/JDBC4ConnectionWrapper.class], URL [jar:file:/C:/Users/Nirakar/.m2/repository/mysql/mysql-connector-java/5.1.20/mysql-connector-java-5.1.20.jar!/com/mysql/jdbc/jdbc2/optional/JDBC4MysqlPooledConnection.class], URL [jar:file:/C:/Users/Nirakar/.m2/repository/mysql/mysql-connector-java/5.1.20/mysql-connector-java-5.1.20.jar!/com/mysql/jdbc/jdbc2/optional/JDBC4MysqlXAConnection.class], URL [jar:file:/C:/Users/Nirakar/.m2/repository/mysql/mysql-connector-java/5.1.20/mysql-connector-java-5.1.20.jar!/com/mysql/jdbc/jdbc2/optional/JDBC4PreparedStatementWrapper.class], URL [jar:file:/C:/Users/Nirakar/.m2/repository/mysql/mysql-connector-java/5.1.20/mysql-connector-java-5.1.20.jar!/com/mysql/jdbc/jdbc2/optional/JDBC4StatementWrapper.class], URL [jar:file:/C:/Users/Nirakar/.m2/repository/mysql/mysql-connector-java/5.1.20/mysql-connector-java-5.1.20.jar!/com/mysql/jdbc/jdbc2/optional/JDBC4SuspendableXAConnection.class], URL [jar:file:/C:/Users/Nirakar/.m2/repository/mysql/mysql-connector-java/5.1.20/mysql-connector-java-5.1.20.jar!/com/mysql/jdbc/jdbc2/optional/MysqlConnectionPoolDataSource.class], URL [jar:file:/C:/Users/Nirakar/.m2/repository/mysql/mysql-connector-java/5.1.20/mysql-connector-java-5.1.20.jar!/com/mysql/jdbc/jdbc2/optional/MysqlDataSource.class], URL [jar:file:/C:/Users/Nirakar/.m2/repository/mysql/mysql-connector-java/5.1.20/mysql-connector-java-5.1.20.jar!/com/mysql/jdbc/jdbc2/optional/MysqlDataSourceFactory.class], URL [jar:file:/C:/Users/Nirakar/.m2/repository/mysql/mysql-connector-java/5.1.20/mysql-connector-java-5.1.20.jar!/com/mysql/jdbc/jdbc2/optional/MysqlPooledConnection.class], URL [jar:file:/C:/Users/Nirakar/.m2/repository/mysql/mysql-connector-java/5.1.20/mysql-connector-java-5.1.20.jar!/com/mysql/jdbc/jdbc2/optional/MysqlXAConnection.class], URL [jar:file:/C:/Users/Nirakar/.m2/repository/mysql/mysql-connector-java/5.1.20/mysql-connector-java-5.1.20.jar!/com/mysql/jdbc/jdbc2/optional/MysqlXADataSource.class], URL [jar:file:/C:/Users/Nirakar/.m2/repository/mysql/mysql-connector-java/5.1.20/mysql-connector-java-5.1.20.jar!/com/mysql/jdbc/jdbc2/optional/MysqlXAException.class], URL [jar:file:/C:/Users/Nirakar/.m2/repository/mysql/mysql-connector-java/5.1.20/mysql-connector-java-5.1.20.jar!/com/mysql/jdbc/jdbc2/optional/MysqlXid.class], URL [jar:file:/C:/Users/Nirakar/.m2/repository/mysql/mysql-connector-java/5.1.20/mysql-connector-java-5.1.20.jar!/com/mysql/jdbc/jdbc2/optional/PreparedStatementWrapper.class], URL [jar:file:/C:/Users/Nirakar/.m2/repository/mysql/mysql-connector-java/5.1.20/mysql-connector-java-5.1.20.jar!/com/mysql/jdbc/jdbc2/optional/StatementWrapper.class], URL [jar:file:/C:/Users/Nirakar/.m2/repository/mysql/mysql-connector-java/5.1.20/mysql-connector-java-5.1.20.jar!/com/mysql/jdbc/jdbc2/optional/SuspendableXAConnection.class], URL [jar:file:/C:/Users/Nirakar/.m2/repository/mysql/mysql-connector-java/5.1.20/mysql-connector-java-5.1.20.jar!/com/mysql/jdbc/jdbc2/optional/WrapperBase$ConnectionErrorFiringInvocationHandler.class], URL [jar:file:/C:/Users/Nirakar/.m2/repository/mysql/mysql-connector-java/5.1.20/mysql-connector-java-5.1.20.jar!/com/mysql/jdbc/jdbc2/optional/WrapperBase.class], URL [jar:file:/C:/Users/Nirakar/.m2/repository/mysql/mysql-connector-java/5.1.20/mysql-connector-java-5.1.20.jar!/com/mysql/jdbc/jmx/LoadBalanceConnectionGroupManager.class], URL [jar:file:/C:/Users/Nirakar/.m2/repository/mysql/mysql-connector-java/5.1.20/mysql-connector-java-5.1.20.jar!/com/mysql/jdbc/jmx/LoadBalanceConnectionGroupManagerMBean.class], URL [jar:file:/C:/Users/Nirakar/.m2/repository/mysql/mysql-connector-java/5.1.20/mysql-connector-java-5.1.20.jar!/com/mysql/jdbc/log/Jdk14Logger.class], URL [jar:file:/C:/Users/Nirakar/.m2/repository/mysql/mysql-connector-java/5.1.20/mysql-connector-java-5.1.20.jar!/com/mysql/jdbc/log/Log.class], URL [jar:file:/C:/Users/Nirakar/.m2/repository/mysql/mysql-connector-java/5.1.20/mysql-connector-java-5.1.20.jar!/com/mysql/jdbc/log/LogFactory.class], URL [jar:file:/C:/Users/Nirakar/.m2/repository/mysql/mysql-connector-java/5.1.20/mysql-connector-java-5.1.20.jar!/com/mysql/jdbc/log/LogUtils.class], URL [jar:file:/C:/Users/Nirakar/.m2/repository/mysql/mysql-connector-java/5.1.20/mysql-connector-java-5.1.20.jar!/com/mysql/jdbc/log/NullLogger.class], URL [jar:file:/C:/Users/Nirakar/.m2/repository/mysql/mysql-connector-java/5.1.20/mysql-connector-java-5.1.20.jar!/com/mysql/jdbc/log/Slf4JLogger.class], URL [jar:file:/C:/Users/Nirakar/.m2/repository/mysql/mysql-connector-java/5.1.20/mysql-connector-java-5.1.20.jar!/com/mysql/jdbc/log/StandardLogger.class], URL [jar:file:/C:/Users/Nirakar/.m2/repository/mysql/mysql-connector-java/5.1.20/mysql-connector-java-5.1.20.jar!/com/mysql/jdbc/profiler/LoggingProfilerEventHandler.class], URL [jar:file:/C:/Users/Nirakar/.m2/repository/mysql/mysql-connector-java/5.1.20/mysql-connector-java-5.1.20.jar!/com/mysql/jdbc/profiler/ProfilerEvent.class], URL [jar:file:/C:/Users/Nirakar/.m2/repository/mysql/mysql-connector-java/5.1.20/mysql-connector-java-5.1.20.jar!/com/mysql/jdbc/profiler/ProfilerEventHandler.class], URL [jar:file:/C:/Users/Nirakar/.m2/repository/mysql/mysql-connector-java/5.1.20/mysql-connector-java-5.1.20.jar!/com/mysql/jdbc/util/BaseBugReport.class], URL [jar:file:/C:/Users/Nirakar/.m2/repository/mysql/mysql-connector-java/5.1.20/mysql-connector-java-5.1.20.jar!/com/mysql/jdbc/util/ErrorMappingsDocGenerator.class], URL [jar:file:/C:/Users/Nirakar/.m2/repository/mysql/mysql-connector-java/5.1.20/mysql-connector-java-5.1.20.jar!/com/mysql/jdbc/util/LRUCache.class], URL [jar:file:/C:/Users/Nirakar/.m2/repository/mysql/mysql-connector-java/5.1.20/mysql-connector-java-5.1.20.jar!/com/mysql/jdbc/util/PropertiesDocGenerator.class], URL [jar:file:/C:/Users/Nirakar/.m2/repository/mysql/mysql-connector-java/5.1.20/mysql-connector-java-5.1.20.jar!/com/mysql/jdbc/util/ReadAheadInputStream.class], URL [jar:file:/C:/Users/Nirakar/.m2/repository/mysql/mysql-connector-java/5.1.20/mysql-connector-java-5.1.20.jar!/com/mysql/jdbc/util/ResultSetUtil.class], URL [jar:file:/C:/Users/Nirakar/.m2/repository/mysql/mysql-connector-java/5.1.20/mysql-connector-java-5.1.20.jar!/com/mysql/jdbc/util/ServerController.class], URL [jar:file:/C:/Users/Nirakar/.m2/repository/mysql/mysql-connector-java/5.1.20/mysql-connector-java-5.1.20.jar!/com/mysql/jdbc/util/TimezoneDump.class], URL [jar:file:/C:/Users/Nirakar/.m2/repository/mysql/mysql-connector-java/5.1.20/mysql-connector-java-5.1.20.jar!/com/mysql/jdbc/util/VersionFSHierarchyMaker.class]]
2014-08-11 10:34:28 DEBUG ClassPathBeanDefinitionScanner:244 - Identified candidate component class: file [D:\Retail\Retail\target\classes\com\javahome\app\assemblers\StockAddAssembler.class]
2014-08-11 10:34:28 DEBUG ClassPathBeanDefinitionScanner:244 - Identified candidate component class: file [D:\Retail\Retail\target\classes\com\javahome\app\service\StockAddService.class]
2014-08-11 10:34:28 DEBUG ClassPathBeanDefinitionScanner:244 - Identified candidate component class: file [D:\Retail\Retail\target\classes\com\javahome\app\service\UserService.class]
2014-08-11 10:34:28 DEBUG ClassPathBeanDefinitionScanner:250 - Ignored because not a concrete top-level class: file [D:\Retail\Retail\target\classes\com\javahome\dao\BaseDao.class]
2014-08-11 10:34:28 DEBUG ClassPathBeanDefinitionScanner:244 - Identified candidate component class: file [D:\Retail\Retail\target\classes\com\javahome\dao\StockAddDao.class]
2014-08-11 10:34:28 DEBUG ClassPathBeanDefinitionScanner:244 - Identified candidate component class: file [D:\Retail\Retail\target\classes\com\javahome\dao\UserDao.class]
2014-08-11 10:34:28 DEBUG ClassPathBeanDefinitionScanner:244 - Identified candidate component class: file [D:\Retail\Retail\target\classes\com\javahome\web\controllers\StockController.class]
2014-08-11 10:34:28 DEBUG ClassPathBeanDefinitionScanner:244 - Identified candidate component class: file [D:\Retail\Retail\target\classes\com\javahome\web\controllers\UserController.class]
2014-08-11 10:34:28 DEBUG ClassPathBeanDefinitionScanner:244 - Identified candidate component class: file [D:\Retail\Retail\target\classes\com\sample\flow\BaseDao.class]
2014-08-11 10:34:29 DEBUG XmlBeanDefinitionReader:216 - Loaded 31 bean definitions from location pattern [classpath:app-test.xml]
2014-08-11 10:34:29 INFO  GenericApplicationContext:495 - Refreshing org.springframework.context.support.GenericApplicationContext@1568fb5: startup date [Mon Aug 11 10:34:29 IST 2014]; root of context hierarchy
2014-08-11 10:34:29 DEBUG GenericApplicationContext:525 - Bean factory for org.springframework.context.support.GenericApplicationContext@1568fb5: org.springframework.beans.factory.support.DefaultListableBeanFactory@1570945: defining beans [stockAddAssembler,stockAddService,userService,stockAddDao,userDao,stockController,userController,baseDao,org.springframework.context.annotation.internalConfigurationAnnotationProcessor,org.springframework.context.annotation.internalAutowiredAnnotationProcessor,org.springframework.context.annotation.internalRequiredAnnotationProcessor,org.springframework.context.annotation.internalCommonAnnotationProcessor,org.springframework.context.annotation.internalPersistenceAnnotationProcessor,org.springframework.web.servlet.mvc.method.annotation.RequestMappingHandlerMapping#0,org.springframework.format.support.FormattingConversionServiceFactoryBean#0,org.springframework.web.servlet.mvc.method.annotation.RequestMappingHandlerAdapter#0,org.springframework.web.servlet.handler.MappedInterceptor#0,org.springframework.web.servlet.mvc.method.annotation.ExceptionHandlerExceptionResolver#0,org.springframework.web.servlet.mvc.annotation.ResponseStatusExceptionResolver#0,org.springframework.web.servlet.mvc.support.DefaultHandlerExceptionResolver#0,org.springframework.web.servlet.handler.BeanNameUrlHandlerMapping,org.springframework.web.servlet.mvc.HttpRequestHandlerAdapter,org.springframework.web.servlet.mvc.SimpleControllerHandlerAdapter,dataSource,sessionFactory,org.springframework.aop.config.internalAutoProxyCreator,org.springframework.transaction.annotation.AnnotationTransactionAttributeSource#0,org.springframework.transaction.interceptor.TransactionInterceptor#0,org.springframework.transaction.config.internalTransactionAdvisor,transactionManager,messageSource]; root of factory hierarchy
2014-08-11 10:34:29 DEBUG DefaultListableBeanFactory:217 - Creating shared instance of singleton bean &apos;org.springframework.context.annotation.internalConfigurationAnnotationProcessor&apos;
2014-08-11 10:34:29 DEBUG DefaultListableBeanFactory:430 - Creating instance of bean &apos;org.springframework.context.annotation.internalConfigurationAnnotationProcessor&apos;
2014-08-11 10:34:29 DEBUG DefaultListableBeanFactory:504 - Eagerly caching bean &apos;org.springframework.context.annotation.internalConfigurationAnnotationProcessor&apos; to allow for resolving potential circular references
2014-08-11 10:34:29 DEBUG DefaultListableBeanFactory:458 - Finished creating instance of bean &apos;org.springframework.context.annotation.internalConfigurationAnnotationProcessor&apos;
2014-08-11 10:34:29 DEBUG DefaultListableBeanFactory:217 - Creating shared instance of singleton bean &apos;org.springframework.context.annotation.internalAutowiredAnnotationProcessor&apos;
2014-08-11 10:34:29 DEBUG DefaultListableBeanFactory:430 - Creating instance of bean &apos;org.springframework.context.annotation.internalAutowiredAnnotationProcessor&apos;
2014-08-11 10:34:29 DEBUG DefaultListableBeanFactory:504 - Eagerly caching bean &apos;org.springframework.context.annotation.internalAutowiredAnnotationProcessor&apos; to allow for resolving potential circular references
2014-08-11 10:34:29 DEBUG DefaultListableBeanFactory:458 - Finished creating instance of bean &apos;org.springframework.context.annotation.internalAutowiredAnnotationProcessor&apos;
2014-08-11 10:34:29 DEBUG DefaultListableBeanFactory:217 - Creating shared instance of singleton bean &apos;org.springframework.context.annotation.internalRequiredAnnotationProcessor&apos;
2014-08-11 10:34:29 DEBUG DefaultListableBeanFactory:430 - Creating instance of bean &apos;org.springframework.context.annotation.internalRequiredAnnotationProcessor&apos;
2014-08-11 10:34:29 DEBUG DefaultListableBeanFactory:504 - Eagerly caching bean &apos;org.springframework.context.annotation.internalRequiredAnnotationProcessor&apos; to allow for resolving potential circular references
2014-08-11 10:34:29 DEBUG DefaultListableBeanFactory:458 - Finished creating instance of bean &apos;org.springframework.context.annotation.internalRequiredAnnotationProcessor&apos;
2014-08-11 10:34:29 DEBUG DefaultListableBeanFactory:217 - Creating shared instance of singleton bean &apos;org.springframework.context.annotation.internalCommonAnnotationProcessor&apos;
2014-08-11 10:34:29 DEBUG DefaultListableBeanFactory:430 - Creating instance of bean &apos;org.springframework.context.annotation.internalCommonAnnotationProcessor&apos;
[...]
2014-08-11 10:34:29 DEBUG DefaultListableBeanFactory:504 - Eagerly caching bean &apos;org.springframework.transaction.config.internalTransactionAdvisor&apos; to allow for resolving potential circular references
2014-08-11 10:34:29 DEBUG DefaultListableBeanFactory:217 - Creating shared instance of singleton bean &apos;org.springframework.transaction.annotation.AnnotationTransactionAttributeSource#0&apos;
2014-08-11 10:34:29 DEBUG DefaultListableBeanFactory:430 - Creating instance of bean &apos;org.springframework.transaction.annotation.AnnotationTransactionAttributeSource#0&apos;
2014-08-11 10:34:29 DEBUG DefaultListableBeanFactory:504 - Eagerly caching bean &apos;org.springframework.transaction.annotation.AnnotationTransactionAttributeSource#0&apos; to allow for resolving potential circular references
2014-08-11 10:34:29 DEBUG DefaultListableBeanFactory:458 - Finished creating instance of bean &apos;org.springframework.transaction.annotation.AnnotationTransactionAttributeSource#0&apos;
2014-08-11 10:34:29 DEBUG DefaultListableBeanFactory:458 - Finished creating instance of bean &apos;org.springframework.transaction.config.internalTransactionAdvisor&apos;
2014-08-11 10:34:29 DEBUG DefaultListableBeanFactory:458 - Finished creating instance of bean &apos;messageSource&apos;
2014-08-11 10:34:29 DEBUG GenericApplicationContext:784 - Using MessageSource [org.springframework.context.support.ReloadableResourceBundleMessageSource: basenames=[/WEB-INF/message]]
2014-08-11 10:34:29 DEBUG GenericApplicationContext:818 - Unable to locate ApplicationEventMulticaster with name &apos;applicationEventMulticaster&apos;: using default [org.springframework.context.event.SimpleApplicationEventMulticaster@1701bdc]
2014-08-11 10:34:29 INFO  DefaultListableBeanFactory:557 - Pre-instantiating singletons in org.springframework.beans.factory.support.DefaultListableBeanFactory@1570945: defining beans [stockAddAssembler,stockAddService,userService,stockAddDao,userDao,stockController,userController,baseDao,org.springframework.context.annotation.internalConfigurationAnnotationProcessor,org.springframework.context.annotation.internalAutowiredAnnotationProcessor,org.springframework.context.annotation.internalRequiredAnnotationProcessor,org.springframework.context.annotation.internalCommonAnnotationProcessor,org.springframework.context.annotation.internalPersistenceAnnotationProcessor,org.springframework.web.servlet.mvc.method.annotation.RequestMappingHandlerMapping#0,org.springframework.format.support.FormattingConversionServiceFactoryBean#0,org.springframework.web.servlet.mvc.method.annotation.RequestMappingHandlerAdapter#0,org.springframework.web.servlet.handler.MappedInterceptor#0,org.springframework.web.servlet.mvc.method.annotation.ExceptionHandlerExceptionResolver#0,org.springframework.web.servlet.mvc.annotation.ResponseStatusExceptionResolver#0,org.springframework.web.servlet.mvc.support.DefaultHandlerExceptionResolver#0,org.springframework.web.servlet.handler.BeanNameUrlHandlerMapping,org.springframework.web.servlet.mvc.HttpRequestHandlerAdapter,org.springframework.web.servlet.mvc.SimpleControllerHandlerAdapter,dataSource,sessionFactory,org.springframework.aop.config.internalAutoProxyCreator,org.springframework.transaction.annotation.AnnotationTransactionAttributeSource#0,org.springframework.transaction.interceptor.TransactionInterceptor#0,org.springframework.transaction.config.internalTransactionAdvisor,transactionManager,messageSource,org.springframework.context.annotation.ConfigurationClassPostProcessor$ImportAwareBeanPostProcessor#0]; root of factory hierarchy
2014-08-11 10:34:29 DEBUG DefaultListableBeanFactory:217 - Creating shared instance of singleton bean &apos;stockAddAssembler&apos;
2014-08-11 10:34:29 DEBUG DefaultListableBeanFactory:430 - Creating instance of bean &apos;stockAddAssembler&apos;
2014-08-11 10:34:29 DEBUG DefaultListableBeanFactory:504 - Eagerly caching bean &apos;stockAddAssembler&apos; to allow for resolving potential circular references
2014-08-11 10:34:29 DEBUG DefaultListableBeanFactory:245 - Returning cached instance of singleton bean &apos;org.springframework.transaction.config.internalTransactionAdvisor&apos;
2014-08-11 10:34:29 DEBUG DefaultListableBeanFactory:458 - Finished creating instance of bean &apos;stockAddAssembler&apos;
2014-08-11 10:34:29 DEBUG DefaultListableBeanFactory:217 - Creating shared instance of singleton bean &apos;stockAddService&apos;
2014-08-11 10:34:29 DEBUG DefaultListableBeanFactory:430 - Creating instance of bean &apos;stockAddService&apos;
2014-08-11 10:34:29 DEBUG InjectionMetadata:60 - Found injected element on class [com.javahome.app.service.StockAddService]: AutowiredFieldElement for private com.javahome.dao.IStockAddDao com.javahome.app.service.StockAddService.stockadddao
2014-08-11 10:34:29 DEBUG DefaultListableBeanFactory:504 - Eagerly caching bean &apos;stockAddService&apos; to allow for resolving potential circular references
2014-08-11 10:34:29 DEBUG InjectionMetadata:85 - Processing injected method of bean &apos;stockAddService&apos;: AutowiredFieldElement for private com.javahome.dao.IStockAddDao com.javahome.app.service.StockAddService.stockadddao
2014-08-11 10:34:29 DEBUG DefaultListableBeanFactory:217 - Creating shared instance of singleton bean &apos;stockAddDao&apos;
2014-08-11 10:34:29 DEBUG DefaultListableBeanFactory:430 - Creating instance of bean &apos;stockAddDao&apos;
2014-08-11 10:34:29 DEBUG InjectionMetadata:60 - Found injected element on class [com.javahome.dao.StockAddDao]: AutowiredFieldElement for private org.springframework.orm.hibernate3.HibernateTemplate com.javahome.dao.StockAddDao.template
2014-08-11 10:34:29 DEBUG DefaultListableBeanFactory:504 - Eagerly caching bean &apos;stockAddDao&apos; to allow for resolving potential circular references
2014-08-11 10:34:29 DEBUG InjectionMetadata:85 - Processing injected method of bean &apos;stockAddDao&apos;: AutowiredFieldElement for private org.springframework.orm.hibernate3.HibernateTemplate com.javahome.dao.StockAddDao.template
2014-08-11 10:34:29 INFO  DefaultListableBeanFactory:433 - Destroying singletons in org.springframework.beans.factory.support.DefaultListableBeanFactory@1570945: defining beans [stockAddAssembler,stockAddService,userService,stockAddDao,userDao,stockController,userController,baseDao,org.springframework.context.annotation.internalConfigurationAnnotationProcessor,org.springframework.context.annotation.internalAutowiredAnnotationProcessor,org.springframework.context.annotation.internalRequiredAnnotationProcessor,org.springframework.context.annotation.internalCommonAnnotationProcessor,org.springframework.context.annotation.internalPersistenceAnnotationProcessor,org.springframework.web.servlet.mvc.method.annotation.RequestMappingHandlerMapping#0,org.springframework.format.support.FormattingConversionServiceFactoryBean#0,org.springframework.web.servlet.mvc.method.annotation.RequestMappingHandlerAdapter#0,org.springframework.web.servlet.handler.MappedInterceptor#0,org.springframework.web.servlet.mvc.method.annotation.ExceptionHandlerExceptionResolver#0,org.springframework.web.servlet.mvc.annotation.ResponseStatusExceptionResolver#0,org.springframework.web.servlet.mvc.support.DefaultHandlerExceptionResolver#0,org.springframework.web.servlet.handler.BeanNameUrlHandlerMapping,org.springframework.web.servlet.mvc.HttpRequestHandlerAdapter,org.springframework.web.servlet.mvc.SimpleControllerHandlerAdapter,dataSource,sessionFactory,org.springframework.aop.config.internalAutoProxyCreator,org.springframework.transaction.annotation.AnnotationTransactionAttributeSource#0,org.springframework.transaction.interceptor.TransactionInterceptor#0,org.springframework.transaction.config.internalTransactionAdvisor,transactionManager,messageSource,org.springframework.context.annotation.ConfigurationClassPostProcessor$ImportAwareBeanPostProcessor#0]; root of factory hierarchy
2014-08-11 10:34:29 ERROR TestContextManager:324 - Caught exception while allowing TestExecutionListener [org.springframework.test.context.support.DependencyInjectionTestExecutionListener@4bfe6b] to prepare test instance [StockAddTest@cf710e]
java.lang.IllegalStateException: Failed to load ApplicationContext
	at org.springframework.test.context.TestContext.getApplicationContext(TestContext.java:157)
	at org.springframework.test.context.support.DependencyInjectionTestExecutionListener.injectDependencies(DependencyInjectionTestExecutionListener.java:109)
	at org.springframework.test.context.support.DependencyInjectionTestExecutionListener.prepareTestInstance(DependencyInjectionTestExecutionListener.java:75)
	at org.springframework.test.context.TestContextManager.prepareTestInstance(TestContextManager.java:321)
	at org.springframework.test.context.junit4.SpringJUnit4ClassRunner.createTest(SpringJUnit4ClassRunner.java:211)
	at org.springframework.test.context.junit4.SpringJUnit4ClassRunner$1.runReflectiveCall(SpringJUnit4ClassRunner.java:288)
	at org.junit.internal.runners.model.ReflectiveCallable.run(ReflectiveCallable.java:15)
	at org.springframework.test.context.junit4.SpringJUnit4ClassRunner.methodBlock(SpringJUnit4ClassRunner.java:290)
	at org.springframework.test.context.junit4.SpringJUnit4ClassRunner.runChild(SpringJUnit4ClassRunner.java:231)
	at org.junit.runners.BlockJUnit4ClassRunner.runChild(BlockJUnit4ClassRunner.java:49)
	at org.junit.runners.ParentRunner$3.run(ParentRunner.java:193)
	at org.junit.runners.ParentRunner$1.schedule(ParentRunner.java:52)
	at org.junit.runners.ParentRunner.runChildren(ParentRunner.java:191)
	at org.junit.runners.ParentRunner.access$000(ParentRunner.java:42)
	at org.junit.runners.ParentRunner$2.evaluate(ParentRunner.java:184)
	at org.springframework.test.context.junit4.statements.RunBeforeTestClassCallbacks.evaluate(RunBeforeTestClassCallbacks.java:61)
	at org.springframework.test.context.junit4.statements.RunAfterTestClassCallbacks.evaluate(RunAfterTestClassCallbacks.java:71)
	at org.junit.runners.ParentRunner.run(ParentRunner.java:236)
	at org.springframework.test.context.junit4.SpringJUnit4ClassRunner.run(SpringJUnit4ClassRunner.java:174)
	at org.apache.maven.surefire.junit4.JUnit4Provider.execute(JUnit4Provider.java:252)
	at org.apache.maven.surefire.junit4.JUnit4Provider.executeTestSet(JUnit4Provider.java:141)
	at org.apache.maven.surefire.junit4.JUnit4Provider.invoke(JUnit4Provider.java:112)
	at sun.reflect.NativeMethodAccessorImpl.invoke0(Native Method)
	at sun.reflect.NativeMethodAccessorImpl.invoke(NativeMethodAccessorImpl.java:39)
	at sun.reflect.DelegatingMethodAccessorImpl.invoke(DelegatingMethodAccessorImpl.java:25)
	at java.lang.reflect.Method.invoke(Method.java:597)
	at org.apache.maven.surefire.util.ReflectionUtils.invokeMethodWithArray(ReflectionUtils.java:189)
	at org.apache.maven.surefire.booter.ProviderFactory$ProviderProxy.invoke(ProviderFactory.java:165)
	at org.apache.maven.surefire.booter.ProviderFactory.invokeProvider(ProviderFactory.java:85)
	at org.apache.maven.surefire.booter.ForkedBooter.runSuitesInProcess(ForkedBooter.java:115)
	at org.apache.maven.surefire.booter.ForkedBooter.main(ForkedBooter.java:75)
Caused by: org.springframework.beans.factory.BeanCreationException: Error creating bean with name &apos;stockAddService&apos;: Injection of autowired dependencies failed; nested exception is org.springframework.beans.factory.BeanCreationException: Could not autowire field: private com.javahome.dao.IStockAddDao com.javahome.app.service.StockAddService.stockadddao; nested exception is org.springframework.beans.factory.BeanCreationException: Error creating bean with name &apos;stockAddDao&apos;: Injection of autowired dependencies failed; nested exception is org.springframework.beans.factory.BeanCreationException: Could not autowire field: private org.springframework.orm.hibernate3.HibernateTemplate com.javahome.dao.StockAddDao.template; nested exception is org.springframework.beans.factory.NoSuchBeanDefinitionException: No matching bean of type [org.springframework.orm.hibernate3.HibernateTemplate] found for dependency: expected at least 1 bean which qualifies as autowire candidate for this dependency. Dependency annotations: {@org.springframework.beans.factory.annotation.Autowired(required=true)}
	at org.springframework.beans.factory.annotation.AutowiredAnnotationBeanPostProcessor.postProcessPropertyValues(AutowiredAnnotationBeanPostProcessor.java:287)
	at org.springframework.beans.factory.support.AbstractAutowireCapableBeanFactory.populateBean(AbstractAutowireCapableBeanFactory.java:1106)
	at org.springframework.beans.factory.support.AbstractAutowireCapableBeanFactory.doCreateBean(AbstractAutowireCapableBeanFactory.java:517)
	at org.springframework.beans.factory.support.AbstractAutowireCapableBeanFactory.createBean(AbstractAutowireCapableBeanFactory.java:456)
	at org.springframework.beans.factory.support.AbstractBeanFactory$1.getObject(AbstractBeanFactory.java:294)
	at org.springframework.beans.factory.support.DefaultSingletonBeanRegistry.getSingleton(DefaultSingletonBeanRegistry.java:225)
	at org.springframework.beans.factory.support.AbstractBeanFactory.doGetBean(AbstractBeanFactory.java:291)
	at org.springframework.beans.factory.support.AbstractBeanFactory.getBean(AbstractBeanFactory.java:193)
	at org.springframework.beans.factory.support.DefaultListableBeanFactory.preInstantiateSingletons(DefaultListableBeanFactory.java:585)
	at org.springframework.context.support.AbstractApplicationContext.finishBeanFactoryInitialization(AbstractApplicationContext.java:913)
	at org.springframework.context.support.AbstractApplicationContext.refresh(AbstractApplicationContext.java:464)
	at org.springframework.test.context.support.AbstractGenericContextLoader.loadContext(AbstractGenericContextLoader.java:103)
	at org.springframework.test.context.support.AbstractGenericContextLoader.loadContext(AbstractGenericContextLoader.java:1)
	at org.springframework.test.context.support.DelegatingSmartContextLoader.loadContext(DelegatingSmartContextLoader.java:228)
	at org.springframework.test.context.TestContext.loadApplicationContext(TestContext.java:124)
	at org.springframework.test.context.TestContext.getApplicationContext(TestContext.java:148)
	... 30 more
Caused by: org.springframework.beans.factory.BeanCreationException: Could not autowire field: private com.javahome.dao.IStockAddDao com.javahome.app.service.StockAddService.stockadddao; nested exception is org.springframework.beans.factory.BeanCreationException: Error creating bean with name &apos;stockAddDao&apos;: Injection of autowired dependencies failed; nested exception is org.springframework.beans.factory.BeanCreationException: Could not autowire field: private org.springframework.orm.hibernate3.HibernateTemplate com.javahome.dao.StockAddDao.template; nested exception is org.springframework.beans.factory.NoSuchBeanDefinitionException: No matching bean of type [org.springframework.orm.hibernate3.HibernateTemplate] found for dependency: expected at least 1 bean which qualifies as autowire candidate for this dependency. Dependency annotations: {@org.springframework.beans.factory.annotation.Autowired(required=true)}
	at org.springframework.beans.factory.annotation.AutowiredAnnotationBeanPostProcessor$AutowiredFieldElement.inject(AutowiredAnnotationBeanPostProcessor.java:506)
	at org.springframework.beans.factory.annotation.InjectionMetadata.inject(InjectionMetadata.java:87)
	at org.springframework.beans.factory.annotation.AutowiredAnnotationBeanPostProcessor.postProcessPropertyValues(AutowiredAnnotationBeanPostProcessor.java:284)
	... 45 more
Caused by: org.springframework.beans.factory.BeanCreationException: Error creating bean with name &apos;stockAddDao&apos;: Injection of autowired dependencies failed; nested exception is org.springframework.beans.factory.BeanCreationException: Could not autowire field: private org.springframework.orm.hibernate3.HibernateTemplate com.javahome.dao.StockAddDao.template; nested exception is org.springframework.beans.factory.NoSuchBeanDefinitionException: No matching bean of type [org.springframework.orm.hibernate3.HibernateTemplate] found for dependency: expected at least 1 bean which qualifies as autowire candidate for this dependency. Dependency annotations: {@org.springframework.beans.factory.annotation.Autowired(required=true)}
	at org.springframework.beans.factory.annotation.AutowiredAnnotationBeanPostProcessor.postProcessPropertyValues(AutowiredAnnotationBeanPostProcessor.java:287)
	at org.springframework.beans.factory.support.AbstractAutowireCapableBeanFactory.populateBean(AbstractAutowireCapableBeanFactory.java:1106)
	at org.springframework.beans.factory.support.AbstractAutowireCapableBeanFactory.doCreateBean(AbstractAutowireCapableBeanFactory.java:517)
	at org.springframework.beans.factory.support.AbstractAutowireCapableBeanFactory.createBean(AbstractAutowireCapableBeanFactory.java:456)
	at org.springframework.beans.factory.support.AbstractBeanFactory$1.getObject(AbstractBeanFactory.java:294)
	at org.springframework.beans.factory.support.DefaultSingletonBeanRegistry.getSingleton(DefaultSingletonBeanRegistry.java:225)
	at org.springframework.beans.factory.support.AbstractBeanFactory.doGetBean(AbstractBeanFactory.java:291)
	at org.springframework.beans.factory.support.AbstractBeanFactory.getBean(AbstractBeanFactory.java:193)
	at org.springframework.beans.factory.support.DefaultListableBeanFactory.findAutowireCandidates(DefaultListableBeanFactory.java:848)
	at org.springframework.beans.factory.support.DefaultListableBeanFactory.doResolveDependency(DefaultListableBeanFactory.java:790)
	at org.springframework.beans.factory.support.DefaultListableBeanFactory.resolveDependency(DefaultListableBeanFactory.java:707)
	at org.springframework.beans.factory.annotation.AutowiredAnnotationBeanPostProcessor$AutowiredFieldElement.inject(AutowiredAnnotationBeanPostProcessor.java:478)
	... 47 more
Caused by: org.springframework.beans.factory.BeanCreationException: Could not autowire field: private org.springframework.orm.hibernate3.HibernateTemplate com.javahome.dao.StockAddDao.template; nested exception is org.springframework.beans.factory.NoSuchBeanDefinitionException: No matching bean of type [org.springframework.orm.hibernate3.HibernateTemplate] found for dependency: expected at least 1 bean which qualifies as autowire candidate for this dependency. Dependency annotations: {@org.springframework.beans.factory.annotation.Autowired(required=true)}
	at org.springframework.beans.factory.annotation.AutowiredAnnotationBeanPostProcessor$AutowiredFieldElement.inject(AutowiredAnnotationBeanPostProcessor.java:506)
	at org.springframework.beans.factory.annotation.InjectionMetadata.inject(InjectionMetadata.java:87)
	at org.springframework.beans.factory.annotation.AutowiredAnnotationBeanPostProcessor.postProcessPropertyValues(AutowiredAnnotationBeanPostProcessor.java:284)
	... 58 more
Caused by: org.springframework.beans.factory.NoSuchBeanDefinitionException: No matching bean of type [org.springframework.orm.hibernate3.HibernateTemplate] found for dependency: expected at least 1 bean which qualifies as autowire candidate for this dependency. Dependency annotations: {@org.springframework.beans.factory.annotation.Autowired(required=true)}
	at org.springframework.beans.factory.support.DefaultListableBeanFactory.raiseNoSuchBeanDefinitionException(DefaultListableBeanFactory.java:924)
	at org.springframework.beans.factory.support.DefaultListableBeanFactory.doResolveDependency(DefaultListableBeanFactory.java:793)
	at org.springframework.beans.factory.support.DefaultListableBeanFactory.resolveDependency(DefaultListableBeanFactory.java:707)
	at org.springframework.beans.factory.annotation.AutowiredAnnotationBeanPostProcessor$AutowiredFieldElement.inject(AutowiredAnnotationBeanPostProcessor.java:478)
	... 60 more
</system-out>
  </testcase>
</testsuite>