<?xml version="1.0" encoding="UTF-8" ?>
<testsuite failures="0" time="1.303" errors="1" skipped="0" tests="1" name="StockAddTest">
  <properties>
[...]
</properties>
  <testcase time="1.303" classname="StockAddTest" name="testAddStockSucess">
    <error message="Failed to load ApplicationContext" type="java.lang.IllegalStateException">java.lang.IllegalStateException: Failed to load ApplicationContext
	at org.springframework.test.context.TestContext.getApplicationContext(TestContext.java:157)
	at org.springframework.test.context.support.DependencyInjectionTestExecutionListener.injectDependencies(DependencyInjectionTestExecutionListener.java:109)
	at org.springframework.test.context.support.DependencyInjectionTestExecutionListener.prepareTestInstance(DependencyInjectionTestExecutionListener.java:75)
	at org.springframework.test.context.TestContextManager.prepareTestInstance(TestContextManager.java:321)
	at org.springframework.test.context.junit4.SpringJUnit4ClassRunner.createTest(SpringJUnit4ClassRunner.java:211)
	at org.springframework.test.context.junit4.SpringJUnit4ClassRunner$1.runReflectiveCall(SpringJUnit4ClassRunner.java:288)
	at org.junit.internal.runners.model.ReflectiveCallable.run(ReflectiveCallable.java:15)
	at org.springframework.test.context.junit4.SpringJUnit4ClassRunner.methodBlock(SpringJUnit4ClassRunner.java:290)
	at org.springframework.test.context.junit4.SpringJUnit4ClassRunner.runChild(SpringJUnit4ClassRunner.java:231)
	at org.junit.runners.BlockJUnit4ClassRunner.runChild(BlockJUnit4ClassRunner.java:49)
	at org.junit.runners.ParentRunner$3.run(ParentRunner.java:193)
	at org.junit.runners.ParentRunner$1.schedule(ParentRunner.java:52)
	at org.junit.runners.ParentRunner.runChildren(ParentRunner.java:191)
	at org.junit.runners.ParentRunner.access$000(ParentRunner.java:42)
	at org.junit.runners.ParentRunner$2.evaluate(ParentRunner.java:184)
	at org.springframework.test.context.junit4.statements.RunBeforeTestClassCallbacks.evaluate(RunBeforeTestClassCallbacks.java:61)
	at org.springframework.test.context.junit4.statements.RunAfterTestClassCallbacks.evaluate(RunAfterTestClassCallbacks.java:71)
	at org.junit.runners.ParentRunner.run(ParentRunner.java:236)
	at org.springframework.test.context.junit4.SpringJUnit4ClassRunner.run(SpringJUnit4ClassRunner.java:174)
	at org.apache.maven.surefire.junit4.JUnit4Provider.execute(JUnit4Provider.java:252)
	at org.apache.maven.surefire.junit4.JUnit4Provider.executeTestSet(JUnit4Provider.java:141)
	at org.apache.maven.surefire.junit4.JUnit4Provider.invoke(JUnit4Provider.java:112)
	at sun.reflect.NativeMethodAccessorImpl.invoke0(Native Method)
	at sun.reflect.NativeMethodAccessorImpl.invoke(NativeMethodAccessorImpl.java:57)
	at sun.reflect.DelegatingMethodAccessorImpl.invoke(DelegatingMethodAccessorImpl.java:43)
	at java.lang.reflect.Method.invoke(Method.java:606)
	at org.apache.maven.surefire.util.ReflectionUtils.invokeMethodWithArray(ReflectionUtils.java:189)
	at org.apache.maven.surefire.booter.ProviderFactory$ProviderProxy.invoke(ProviderFactory.java:165)
	at org.apache.maven.surefire.booter.ProviderFactory.invokeProvider(ProviderFactory.java:85)
	at org.apache.maven.surefire.booter.ForkedBooter.runSuitesInProcess(ForkedBooter.java:115)
	at org.apache.maven.surefire.booter.ForkedBooter.main(ForkedBooter.java:75)
Caused by: org.springframework.beans.factory.BeanCreationException: Error creating bean with name &apos;stockAddService&apos;: Injection of autowired dependencies failed; nested exception is org.springframework.beans.factory.BeanCreationException: Could not autowire field: private com.javahome.dao.IStockAddDao com.javahome.app.service.StockAddService.stockadddao; nested exception is org.springframework.beans.factory.BeanCreationException: Error creating bean with name &apos;stockAddDao&apos;: Injection of autowired dependencies failed; nested exception is org.springframework.beans.factory.BeanCreationException: Could not autowire field: private org.springframework.orm.hibernate3.HibernateTemplate com.javahome.dao.StockAddDao.template; nested exception is org.springframework.beans.factory.NoSuchBeanDefinitionException: No matching bean of type [org.springframework.orm.hibernate3.HibernateTemplate] found for dependency: expected at least 1 bean which qualifies as autowire candidate for this dependency. Dependency annotations: {@org.springframework.beans.factory.annotation.Autowired(required=true)}
	at org.springframework.beans.factory.annotation.AutowiredAnnotationBeanPostProcessor.postProcessPropertyValues(AutowiredAnnotationBeanPostProcessor.java:287)
	at org.springframework.beans.factory.support.AbstractAutowireCapableBeanFactory.populateBean(AbstractAutowireCapableBeanFactory.java:1106)
	at org.springframework.beans.factory.support.AbstractAutowireCapableBeanFactory.doCreateBean(AbstractAutowireCapableBeanFactory.java:517)
	at org.springframework.beans.factory.support.AbstractAutowireCapableBeanFactory.createBean(AbstractAutowireCapableBeanFactory.java:456)
	at org.springframework.beans.factory.support.AbstractBeanFactory$1.getObject(AbstractBeanFactory.java:294)
	at org.springframework.beans.factory.support.DefaultSingletonBeanRegistry.getSingleton(DefaultSingletonBeanRegistry.java:225)
	at org.springframework.beans.factory.support.AbstractBeanFactory.doGetBean(AbstractBeanFactory.java:291)
	at org.springframework.beans.factory.support.AbstractBeanFactory.getBean(AbstractBeanFactory.java:193)
	at org.springframework.beans.factory.support.DefaultListableBeanFactory.preInstantiateSingletons(DefaultListableBeanFactory.java:585)
	at org.springframework.context.support.AbstractApplicationContext.finishBeanFactoryInitialization(AbstractApplicationContext.java:913)
	at org.springframework.context.support.AbstractApplicationContext.refresh(AbstractApplicationContext.java:464)
	at org.springframework.test.context.support.AbstractGenericContextLoader.loadContext(AbstractGenericContextLoader.java:103)
	at org.springframework.test.context.support.AbstractGenericContextLoader.loadContext(AbstractGenericContextLoader.java:1)
	at org.springframework.test.context.support.DelegatingSmartContextLoader.loadContext(DelegatingSmartContextLoader.java:228)
	at org.springframework.test.context.TestContext.loadApplicationContext(TestContext.java:124)
	at org.springframework.test.context.TestContext.getApplicationContext(TestContext.java:148)
	... 30 more
Caused by: org.springframework.beans.factory.BeanCreationException: Could not autowire field: private com.javahome.dao.IStockAddDao com.javahome.app.service.StockAddService.stockadddao; nested exception is org.springframework.beans.factory.BeanCreationException: Error creating bean with name &apos;stockAddDao&apos;: Injection of autowired dependencies failed; nested exception is org.springframework.beans.factory.BeanCreationException: Could not autowire field: private org.springframework.orm.hibernate3.HibernateTemplate com.javahome.dao.StockAddDao.template; nested exception is org.springframework.beans.factory.NoSuchBeanDefinitionException: No matching bean of type [org.springframework.orm.hibernate3.HibernateTemplate] found for dependency: expected at least 1 bean which qualifies as autowire candidate for this dependency. Dependency annotations: {@org.springframework.beans.factory.annotation.Autowired(required=true)}
	at org.springframework.beans.factory.annotation.AutowiredAnnotationBeanPostProcessor$AutowiredFieldElement.inject(AutowiredAnnotationBeanPostProcessor.java:506)
	at org.springframework.beans.factory.annotation.InjectionMetadata.inject(InjectionMetadata.java:87)
	at org.springframework.beans.factory.annotation.AutowiredAnnotationBeanPostProcessor.postProcessPropertyValues(AutowiredAnnotationBeanPostProcessor.java:284)
	... 45 more
Caused by: org.springframework.beans.factory.BeanCreationException: Error creating bean with name &apos;stockAddDao&apos;: Injection of autowired dependencies failed; nested exception is org.springframework.beans.factory.BeanCreationException: Could not autowire field: private org.springframework.orm.hibernate3.HibernateTemplate com.javahome.dao.StockAddDao.template; nested exception is org.springframework.beans.factory.NoSuchBeanDefinitionException: No matching bean of type [org.springframework.orm.hibernate3.HibernateTemplate] found for dependency: expected at least 1 bean which qualifies as autowire candidate for this dependency. Dependency annotations: {@org.springframework.beans.factory.annotation.Autowired(required=true)}
	at org.springframework.beans.factory.annotation.AutowiredAnnotationBeanPostProcessor.postProcessPropertyValues(AutowiredAnnotationBeanPostProcessor.java:287)
	at org.springframework.beans.factory.support.AbstractAutowireCapableBeanFactory.populateBean(AbstractAutowireCapableBeanFactory.java:1106)
	at org.springframework.beans.factory.support.AbstractAutowireCapableBeanFactory.doCreateBean(AbstractAutowireCapableBeanFactory.java:517)
	at org.springframework.beans.factory.support.AbstractAutowireCapableBeanFactory.createBean(AbstractAutowireCapableBeanFactory.java:456)
	at org.springframework.beans.factory.support.AbstractBeanFactory$1.getObject(AbstractBeanFactory.java:294)
	at org.springframework.beans.factory.support.DefaultSingletonBeanRegistry.getSingleton(DefaultSingletonBeanRegistry.java:225)
	at org.springframework.beans.factory.support.AbstractBeanFactory.doGetBean(AbstractBeanFactory.java:291)
	at org.springframework.beans.factory.support.AbstractBeanFactory.getBean(AbstractBeanFactory.java:193)
	at org.springframework.beans.factory.support.DefaultListableBeanFactory.findAutowireCandidates(DefaultListableBeanFactory.java:848)
	at org.springframework.beans.factory.support.DefaultListableBeanFactory.doResolveDependency(DefaultListableBeanFactory.java:790)
	at org.springframework.beans.factory.support.DefaultListableBeanFactory.resolveDependency(DefaultListableBeanFactory.java:707)
	at org.springframework.beans.factory.annotation.AutowiredAnnotationBeanPostProcessor$AutowiredFieldElement.inject(AutowiredAnnotationBeanPostProcessor.java:478)
	... 47 more
Caused by: org.springframework.beans.factory.BeanCreationException: Could not autowire field: private org.springframework.orm.hibernate3.HibernateTemplate com.javahome.dao.StockAddDao.template; nested exception is org.springframework.beans.factory.NoSuchBeanDefinitionException: No matching bean of type [org.springframework.orm.hibernate3.HibernateTemplate] found for dependency: expected at least 1 bean which qualifies as autowire candidate for this dependency. Dependency annotations: {@org.springframework.beans.factory.annotation.Autowired(required=true)}
	at org.springframework.beans.factory.annotation.AutowiredAnnotationBeanPostProcessor$AutowiredFieldElement.inject(AutowiredAnnotationBeanPostProcessor.java:506)
	at org.springframework.beans.factory.annotation.InjectionMetadata.inject(InjectionMetadata.java:87)
	at org.springframework.beans.factory.annotation.AutowiredAnnotationBeanPostProcessor.postProcessPropertyValues(AutowiredAnnotationBeanPostProcessor.java:284)
	... 58 more
Caused by: org.springframework.beans.factory.NoSuchBeanDefinitionException: No matching bean of type [org.springframework.orm.hibernate3.HibernateTemplate] found for dependency: expected at least 1 bean which qualifies as autowire candidate for this dependency. Dependency annotations: {@org.springframework.beans.factory.annotation.Autowired(required=true)}
	at org.springframework.beans.factory.support.DefaultListableBeanFactory.raiseNoSuchBeanDefinitionException(DefaultListableBeanFactory.java:924)
	at org.springframework.beans.factory.support.DefaultListableBeanFactory.doResolveDependency(DefaultListableBeanFactory.java:793)
	at org.springframework.beans.factory.support.DefaultListableBeanFactory.resolveDependency(DefaultListableBeanFactory.java:707)
	at org.springframework.beans.factory.annotation.AutowiredAnnotationBeanPostProcessor$AutowiredFieldElement.inject(AutowiredAnnotationBeanPostProcessor.java:478)
	... 60 more
</error>
    <system-out>2014-08-12 23:27:23 DEBUG SpringJUnit4ClassRunner:106 - SpringJUnit4ClassRunner constructor called with [class StockAddTest].
2014-08-12 23:27:23 DEBUG DelegatingSmartContextLoader:75 - Delegating to GenericXmlContextLoader to process context configuration [ContextConfigurationAttributes@3d6998b9 declaringClass = &apos;StockAddTest&apos;, locations = &apos;{classpath:app-test.xml}&apos;, classes = &apos;{}&apos;, inheritLocations = true, contextLoaderClass = &apos;org.springframework.test.context.ContextLoader&apos;].
2014-08-12 23:27:23 DEBUG ContextLoaderUtils:236 - Could not find an &apos;annotation declaring class&apos; for annotation type [interface org.springframework.test.context.ActiveProfiles] and class [class StockAddTest]
2014-08-12 23:27:23 INFO  TestContextManager:185 - @TestExecutionListeners is not present for class [class StockAddTest]: using defaults.
2014-08-12 23:27:23 DEBUG ProfileValueUtils:68 - Retrieved @ProfileValueSourceConfiguration [null] for test class [StockAddTest]
2014-08-12 23:27:23 DEBUG ProfileValueUtils:80 - Retrieved ProfileValueSource type [class org.springframework.test.annotation.SystemProfileValueSource] for class [StockAddTest]
2014-08-12 23:27:23 DEBUG ProfileValueUtils:68 - Retrieved @ProfileValueSourceConfiguration [null] for test class [StockAddTest]
2014-08-12 23:27:23 DEBUG ProfileValueUtils:80 - Retrieved ProfileValueSource type [class org.springframework.test.annotation.SystemProfileValueSource] for class [StockAddTest]
2014-08-12 23:27:23 DEBUG ProfileValueUtils:68 - Retrieved @ProfileValueSourceConfiguration [null] for test class [StockAddTest]
2014-08-12 23:27:23 DEBUG ProfileValueUtils:80 - Retrieved ProfileValueSource type [class org.springframework.test.annotation.SystemProfileValueSource] for class [StockAddTest]
2014-08-12 23:27:23 DEBUG DependencyInjectionTestExecutionListener:73 - Performing dependency injection for test context [[TestContext@5ffe2c10 testClass = StockAddTest, testInstance = StockAddTest@27feffac, testMethod = [null], testException = [null], mergedContextConfiguration = [MergedContextConfiguration@564389b7 testClass = StockAddTest, locations = &apos;{classpath:app-test.xml}&apos;, classes = &apos;{}&apos;, activeProfiles = &apos;{}&apos;, contextLoader = &apos;org.springframework.test.context.support.DelegatingSmartContextLoader&apos;]]].
2014-08-12 23:27:23 DEBUG DelegatingSmartContextLoader:226 - Delegating to GenericXmlContextLoader to load context from [MergedContextConfiguration@564389b7 testClass = StockAddTest, locations = &apos;{classpath:app-test.xml}&apos;, classes = &apos;{}&apos;, activeProfiles = &apos;{}&apos;, contextLoader = &apos;org.springframework.test.context.support.DelegatingSmartContextLoader&apos;].
2014-08-12 23:27:23 DEBUG AbstractGenericContextLoader:93 - Loading ApplicationContext for merged context configuration [[MergedContextConfiguration@564389b7 testClass = StockAddTest, locations = &apos;{classpath:app-test.xml}&apos;, classes = &apos;{}&apos;, activeProfiles = &apos;{}&apos;, contextLoader = &apos;org.springframework.test.context.support.DelegatingSmartContextLoader&apos;]].
2014-08-12 23:27:23 DEBUG StandardEnvironment:114 - Initializing new StandardEnvironment
2014-08-12 23:27:23 DEBUG StandardEnvironment:103 - Adding [systemProperties] PropertySource with lowest search precedence
2014-08-12 23:27:23 DEBUG StandardEnvironment:103 - Adding [systemEnvironment] PropertySource with lowest search precedence
2014-08-12 23:27:23 DEBUG StandardEnvironment:120 - Initialized StandardEnvironment with PropertySources [systemProperties,systemEnvironment]
2014-08-12 23:27:23 DEBUG StandardEnvironment:114 - Initializing new StandardEnvironment
2014-08-12 23:27:23 DEBUG StandardEnvironment:103 - Adding [systemProperties] PropertySource with lowest search precedence
2014-08-12 23:27:23 DEBUG StandardEnvironment:103 - Adding [systemEnvironment] PropertySource with lowest search precedence
2014-08-12 23:27:23 DEBUG StandardEnvironment:120 - Initialized StandardEnvironment with PropertySources [systemProperties,systemEnvironment]
2014-08-12 23:27:23 INFO  XmlBeanDefinitionReader:315 - Loading XML bean definitions from class path resource [app-test.xml]
2014-08-12 23:27:23 DEBUG DefaultDocumentLoader:72 - Using JAXP provider [com.sun.org.apache.xerces.internal.jaxp.DocumentBuilderFactoryImpl]
2014-08-12 23:27:23 DEBUG PluggableSchemaResolver:140 - Loading schema mappings from [META-INF/spring.schemas]
2014-08-12 23:27:23 DEBUG PluggableSchemaResolver:146 - Loaded schema mappings: {http://www.springframework.org/schema/util/spring-util.xsd=org/springframework/beans/factory/xml/spring-util-3.1.xsd, http://www.springframework.org/schema/mvc/spring-mvc-3.1.xsd=org/springframework/web/servlet/config/spring-mvc-3.1.xsd, http://www.springframework.org/schema/beans/spring-beans-3.1.xsd=org/springframework/beans/factory/xml/spring-beans-3.1.xsd, http://www.springframework.org/schema/task/spring-task.xsd=org/springframework/scheduling/config/spring-task-3.1.xsd, http://www.springframework.org/schema/cache/spring-cache.xsd=org/springframework/cache/config/spring-cache-3.1.xsd, http://www.springframework.org/schema/aop/spring-aop-3.0.xsd=org/springframework/aop/config/spring-aop-3.0.xsd, http://www.springframework.org/schema/task/spring-task-3.1.xsd=org/springframework/scheduling/config/spring-task-3.1.xsd, http://www.springframework.org/schema/aop/spring-aop-2.0.xsd=org/springframework/aop/config/spring-aop-2.0.xsd, http://www.springframework.org/schema/tool/spring-tool-2.5.xsd=org/springframework/beans/factory/xml/spring-tool-2.5.xsd, http://www.springframework.org/schema/beans/spring-beans.xsd=org/springframework/beans/factory/xml/spring-beans-3.1.xsd, http://www.springframework.org/schema/jee/spring-jee-2.5.xsd=org/springframework/ejb/config/spring-jee-2.5.xsd, http://www.springframework.org/schema/jdbc/spring-jdbc-3.1.xsd=org/springframework/jdbc/config/spring-jdbc-3.1.xsd, http://www.springframework.org/schema/tool/spring-tool-3.1.xsd=org/springframework/beans/factory/xml/spring-tool-3.1.xsd, http://www.springframework.org/schema/aop/spring-aop.xsd=org/springframework/aop/config/spring-aop-3.1.xsd, http://www.springframework.org/schema/jee/spring-jee-3.1.xsd=org/springframework/ejb/config/spring-jee-3.1.xsd, http://www.springframework.org/schema/beans/spring-beans-2.0.xsd=org/springframework/beans/factory/xml/spring-beans-2.0.xsd, http://www.springframework.org/schema/mvc/spring-mvc-3.0.xsd=org/springframework/web/servlet/config/spring-mvc-3.0.xsd, http://www.springframework.org/schema/beans/spring-beans-3.0.xsd=org/springframework/beans/factory/xml/spring-beans-3.0.xsd, http://www.springframework.org/schema/task/spring-task-3.0.xsd=org/springframework/scheduling/config/spring-task-3.0.xsd, http://www.springframework.org/schema/tx/spring-tx-2.5.xsd=org/springframework/transaction/config/spring-tx-2.5.xsd, http://www.springframework.org/schema/context/spring-context-2.5.xsd=org/springframework/context/config/spring-context-2.5.xsd, http://www.springframework.org/schema/jdbc/spring-jdbc-3.0.xsd=org/springframework/jdbc/config/spring-jdbc-3.0.xsd, http://www.springframework.org/schema/tool/spring-tool-3.0.xsd=org/springframework/beans/factory/xml/spring-tool-3.0.xsd, http://www.springframework.org/schema/tx/spring-tx.xsd=org/springframework/transaction/config/spring-tx-3.1.xsd, http://www.springframework.org/schema/tool/spring-tool-2.0.xsd=org/springframework/beans/factory/xml/spring-tool-2.0.xsd, http://www.springframework.org/schema/util/spring-util-2.5.xsd=org/springframework/beans/factory/xml/spring-util-2.5.xsd, http://www.springframework.org/schema/lang/spring-lang.xsd=org/springframework/scripting/config/spring-lang-3.1.xsd, http://www.springframework.org/schema/lang/spring-lang-2.5.xsd=org/springframework/scripting/config/spring-lang-2.5.xsd, http://www.springframework.org/schema/jee/spring-jee-3.0.xsd=org/springframework/ejb/config/spring-jee-3.0.xsd, http://www.springframework.org/schema/tx/spring-tx-3.1.xsd=org/springframework/transaction/config/spring-tx-3.1.xsd, http://www.springframework.org/schema/jee/spring-jee-2.0.xsd=org/springframework/ejb/config/spring-jee-2.0.xsd, http://www.springframework.org/schema/context/spring-context-3.1.xsd=org/springframework/context/config/spring-context-3.1.xsd, http://www.springframework.org/schema/util/spring-util-3.1.xsd=org/springframework/beans/factory/xml/spring-util-3.1.xsd, http://www.springframework.org/schema/lang/spring-lang-3.1.xsd=org/springframework/scripting/config/spring-lang-3.1.xsd, http://www.springframework.org/schema/cache/spring-cache-3.1.xsd=org/springframework/cache/config/spring-cache-3.1.xsd, http://www.springframework.org/schema/context/spring-context.xsd=org/springframework/context/config/spring-context-3.1.xsd, http://www.springframework.org/schema/jee/spring-jee.xsd=org/springframework/ejb/config/spring-jee-3.1.xsd, http://www.springframework.org/schema/aop/spring-aop-2.5.xsd=org/springframework/aop/config/spring-aop-2.5.xsd, http://www.springframework.org/schema/mvc/spring-mvc.xsd=org/springframework/web/servlet/config/spring-mvc-3.1.xsd, http://www.springframework.org/schema/jdbc/spring-jdbc.xsd=org/springframework/jdbc/config/spring-jdbc-3.1.xsd, http://www.springframework.org/schema/tx/spring-tx-2.0.xsd=org/springframework/transaction/config/spring-tx-2.0.xsd, http://www.springframework.org/schema/aop/spring-aop-3.1.xsd=org/springframework/aop/config/spring-aop-3.1.xsd, http://www.springframework.org/schema/tx/spring-tx-3.0.xsd=org/springframework/transaction/config/spring-tx-3.0.xsd, http://www.springframework.org/schema/context/spring-context-3.0.xsd=org/springframework/context/config/spring-context-3.0.xsd, http://www.springframework.org/schema/tool/spring-tool.xsd=org/springframework/beans/factory/xml/spring-tool-3.1.xsd, http://www.springframework.org/schema/util/spring-util-3.0.xsd=org/springframework/beans/factory/xml/spring-util-3.0.xsd, http://www.springframework.org/schema/lang/spring-lang-3.0.xsd=org/springframework/scripting/config/spring-lang-3.0.xsd, http://www.springframework.org/schema/util/spring-util-2.0.xsd=org/springframework/beans/factory/xml/spring-util-2.0.xsd, http://www.springframework.org/schema/lang/spring-lang-2.0.xsd=org/springframework/scripting/config/spring-lang-2.0.xsd, http://www.springframework.org/schema/beans/spring-beans-2.5.xsd=org/springframework/beans/factory/xml/spring-beans-2.5.xsd}
2014-08-12 23:27:23 DEBUG PluggableSchemaResolver:118 - Found XML schema [http://www.springframework.org/schema/beans/spring-beans-3.0.xsd] in classpath: org/springframework/beans/factory/xml/spring-beans-3.0.xsd
2014-08-12 23:27:24 DEBUG PluggableSchemaResolver:118 - Found XML schema [http://www.springframework.org/schema/context/spring-context-3.0.xsd] in classpath: org/springframework/context/config/spring-context-3.0.xsd
2014-08-12 23:27:24 DEBUG PluggableSchemaResolver:118 - Found XML schema [http://www.springframework.org/schema/tool/spring-tool-3.0.xsd] in classpath: org/springframework/beans/factory/xml/spring-tool-3.0.xsd
2014-08-12 23:27:24 DEBUG PluggableSchemaResolver:118 - Found XML schema [http://www.springframework.org/schema/mvc/spring-mvc-3.0.xsd] in classpath: org/springframework/web/servlet/config/spring-mvc-3.0.xsd
2014-08-12 23:27:24 DEBUG PluggableSchemaResolver:118 - Found XML schema [http://www.springframework.org/schema/tx/spring-tx-3.0.xsd] in classpath: org/springframework/transaction/config/spring-tx-3.0.xsd
2014-08-12 23:27:24 DEBUG DefaultBeanDefinitionDocumentReader:108 - Loading bean definitions
2014-08-12 23:27:24 DEBUG DefaultNamespaceHandlerResolver:156 - Loaded NamespaceHandler mappings: {http://www.springframework.org/schema/p=org.springframework.beans.factory.xml.SimplePropertyNamespaceHandler, http://www.springframework.org/schema/mvc=org.springframework.web.servlet.config.MvcNamespaceHandler, http://www.springframework.org/schema/util=org.springframework.beans.factory.xml.UtilNamespaceHandler, http://www.springframework.org/schema/jee=org.springframework.ejb.config.JeeNamespaceHandler, http://www.springframework.org/schema/aop=org.springframework.aop.config.AopNamespaceHandler, http://www.springframework.org/schema/jdbc=org.springframework.jdbc.config.JdbcNamespaceHandler, http://www.springframework.org/schema/cache=org.springframework.cache.config.CacheNamespaceHandler, http://www.springframework.org/schema/c=org.springframework.beans.factory.xml.SimpleConstructorNamespaceHandler, http://www.springframework.org/schema/tx=org.springframework.transaction.config.TxNamespaceHandler, http://www.springframework.org/schema/task=org.springframework.scheduling.config.TaskNamespaceHandler, http://www.springframework.org/schema/lang=org.springframework.scripting.config.LangNamespaceHandler, http://www.springframework.org/schema/context=org.springframework.context.config.ContextNamespaceHandler}
2014-08-12 23:27:24 DEBUG PathMatchingResourcePatternResolver:550 - Looking for matching resources in directory tree [C:\Users\SANDEEP\Documents\GitHub\Retail\target\classes\com\javahome\app]
2014-08-12 23:27:24 DEBUG PathMatchingResourcePatternResolver:612 - Searching directory [C:\Users\SANDEEP\Documents\GitHub\Retail\target\classes\com\javahome\app] for files matching pattern [C:/Users/SANDEEP/Documents/GitHub/Retail/target/classes/com/javahome/app/**/*.class]
2014-08-12 23:27:24 DEBUG PathMatchingResourcePatternResolver:612 - Searching directory [C:\Users\SANDEEP\Documents\GitHub\Retail\target\classes\com\javahome\app\assemblers] for files matching pattern [C:/Users/SANDEEP/Documents/GitHub/Retail/target/classes/com/javahome/app/**/*.class]
2014-08-12 23:27:24 DEBUG PathMatchingResourcePatternResolver:612 - Searching directory [C:\Users\SANDEEP\Documents\GitHub\Retail\target\classes\com\javahome\app\facade] for files matching pattern [C:/Users/SANDEEP/Documents/GitHub/Retail/target/classes/com/javahome/app/**/*.class]
2014-08-12 23:27:24 DEBUG PathMatchingResourcePatternResolver:612 - Searching directory [C:\Users\SANDEEP\Documents\GitHub\Retail\target\classes\com\javahome\app\service] for files matching pattern [C:/Users/SANDEEP/Documents/GitHub/Retail/target/classes/com/javahome/app/**/*.class]
2014-08-12 23:27:24 DEBUG PathMatchingResourcePatternResolver:351 - Resolved location pattern [classpath*:com/javahome/app/**/*.class] to resources [file [C:\Users\SANDEEP\Documents\GitHub\Retail\target\classes\com\javahome\app\assemblers\StockAddAssembler.class], file [C:\Users\SANDEEP\Documents\GitHub\Retail\target\classes\com\javahome\app\assemblers\UserAssembler.class], file [C:\Users\SANDEEP\Documents\GitHub\Retail\target\classes\com\javahome\app\facade\ApplicationFacade.class], file [C:\Users\SANDEEP\Documents\GitHub\Retail\target\classes\com\javahome\app\service\IStockAddService.class], file [C:\Users\SANDEEP\Documents\GitHub\Retail\target\classes\com\javahome\app\service\IUserService.class], file [C:\Users\SANDEEP\Documents\GitHub\Retail\target\classes\com\javahome\app\service\StockAddService.class], file [C:\Users\SANDEEP\Documents\GitHub\Retail\target\classes\com\javahome\app\service\UserService.class]]
2014-08-12 23:27:24 DEBUG ClassPathBeanDefinitionScanner:244 - Identified candidate component class: file [C:\Users\SANDEEP\Documents\GitHub\Retail\target\classes\com\javahome\app\assemblers\StockAddAssembler.class]
2014-08-12 23:27:24 DEBUG ClassPathBeanDefinitionScanner:244 - Identified candidate component class: file [C:\Users\SANDEEP\Documents\GitHub\Retail\target\classes\com\javahome\app\service\StockAddService.class]
2014-08-12 23:27:24 DEBUG ClassPathBeanDefinitionScanner:244 - Identified candidate component class: file [C:\Users\SANDEEP\Documents\GitHub\Retail\target\classes\com\javahome\app\service\UserService.class]
2014-08-12 23:27:24 DEBUG PathMatchingResourcePatternResolver:550 - Looking for matching resources in directory tree [C:\Users\SANDEEP\Documents\GitHub\Retail\target\classes\com\javahome]
2014-08-12 23:27:24 DEBUG PathMatchingResourcePatternResolver:612 - Searching directory [C:\Users\SANDEEP\Documents\GitHub\Retail\target\classes\com\javahome] for files matching pattern [C:/Users/SANDEEP/Documents/GitHub/Retail/target/classes/com/javahome/**/*.class]
2014-08-12 23:27:24 DEBUG PathMatchingResourcePatternResolver:612 - Searching directory [C:\Users\SANDEEP\Documents\GitHub\Retail\target\classes\com\javahome\app] for files matching pattern [C:/Users/SANDEEP/Documents/GitHub/Retail/target/classes/com/javahome/**/*.class]
2014-08-12 23:27:24 DEBUG PathMatchingResourcePatternResolver:612 - Searching directory [C:\Users\SANDEEP\Documents\GitHub\Retail\target\classes\com\javahome\app\assemblers] for files matching pattern [C:/Users/SANDEEP/Documents/GitHub/Retail/target/classes/com/javahome/**/*.class]
2014-08-12 23:27:24 DEBUG PathMatchingResourcePatternResolver:612 - Searching directory [C:\Users\SANDEEP\Documents\GitHub\Retail\target\classes\com\javahome\app\facade] for files matching pattern [C:/Users/SANDEEP/Documents/GitHub/Retail/target/classes/com/javahome/**/*.class]
2014-08-12 23:27:24 DEBUG PathMatchingResourcePatternResolver:612 - Searching directory [C:\Users\SANDEEP\Documents\GitHub\Retail\target\classes\com\javahome\app\service] for files matching pattern [C:/Users/SANDEEP/Documents/GitHub/Retail/target/classes/com/javahome/**/*.class]
2014-08-12 23:27:24 DEBUG PathMatchingResourcePatternResolver:612 - Searching directory [C:\Users\SANDEEP\Documents\GitHub\Retail\target\classes\com\javahome\dao] for files matching pattern [C:/Users/SANDEEP/Documents/GitHub/Retail/target/classes/com/javahome/**/*.class]
2014-08-12 23:27:24 DEBUG PathMatchingResourcePatternResolver:612 - Searching directory [C:\Users\SANDEEP\Documents\GitHub\Retail\target\classes\com\javahome\dao\entity] for files matching pattern [C:/Users/SANDEEP/Documents/GitHub/Retail/target/classes/com/javahome/**/*.class]
2014-08-12 23:27:24 DEBUG PathMatchingResourcePatternResolver:612 - Searching directory [C:\Users\SANDEEP\Documents\GitHub\Retail\target\classes\com\javahome\web] for files matching pattern [C:/Users/SANDEEP/Documents/GitHub/Retail/target/classes/com/javahome/**/*.class]
2014-08-12 23:27:24 DEBUG PathMatchingResourcePatternResolver:612 - Searching directory [C:\Users\SANDEEP\Documents\GitHub\Retail\target\classes\com\javahome\web\controllers] for files matching pattern [C:/Users/SANDEEP/Documents/GitHub/Retail/target/classes/com/javahome/**/*.class]
2014-08-12 23:27:24 DEBUG PathMatchingResourcePatternResolver:612 - Searching directory [C:\Users\SANDEEP\Documents\GitHub\Retail\target\classes\com\javahome\web\vo] for files matching pattern [C:/Users/SANDEEP/Documents/GitHub/Retail/target/classes/com/javahome/**/*.class]
2014-08-12 23:27:24 DEBUG PathMatchingResourcePatternResolver:351 - Resolved location pattern [classpath*:com/javahome/**/*.class] to resources [file [C:\Users\SANDEEP\Documents\GitHub\Retail\target\classes\com\javahome\app\assemblers\StockAddAssembler.class], file [C:\Users\SANDEEP\Documents\GitHub\Retail\target\classes\com\javahome\app\assemblers\UserAssembler.class], file [C:\Users\SANDEEP\Documents\GitHub\Retail\target\classes\com\javahome\app\facade\ApplicationFacade.class], file [C:\Users\SANDEEP\Documents\GitHub\Retail\target\classes\com\javahome\app\service\IStockAddService.class], file [C:\Users\SANDEEP\Documents\GitHub\Retail\target\classes\com\javahome\app\service\IUserService.class], file [C:\Users\SANDEEP\Documents\GitHub\Retail\target\classes\com\javahome\app\service\StockAddService.class], file [C:\Users\SANDEEP\Documents\GitHub\Retail\target\classes\com\javahome\app\service\UserService.class], file [C:\Users\SANDEEP\Documents\GitHub\Retail\target\classes\com\javahome\dao\BaseDao.class], file [C:\Users\SANDEEP\Documents\GitHub\Retail\target\classes\com\javahome\dao\entity\RoleEntity.class], file [C:\Users\SANDEEP\Documents\GitHub\Retail\target\classes\com\javahome\dao\entity\StockAddEntity.class], file [C:\Users\SANDEEP\Documents\GitHub\Retail\target\classes\com\javahome\dao\entity\UserEntity.class], file [C:\Users\SANDEEP\Documents\GitHub\Retail\target\classes\com\javahome\dao\IStockAddDao.class], file [C:\Users\SANDEEP\Documents\GitHub\Retail\target\classes\com\javahome\dao\StockAddDao.class], file [C:\Users\SANDEEP\Documents\GitHub\Retail\target\classes\com\javahome\dao\UserDao.class], file [C:\Users\SANDEEP\Documents\GitHub\Retail\target\classes\com\javahome\web\controllers\StockController.class], file [C:\Users\SANDEEP\Documents\GitHub\Retail\target\classes\com\javahome\web\controllers\UserController.class], file [C:\Users\SANDEEP\Documents\GitHub\Retail\target\classes\com\javahome\web\vo\StockVO.class], file [C:\Users\SANDEEP\Documents\GitHub\Retail\target\classes\com\javahome\web\vo\UserVO.class]]
2014-08-12 23:27:24 DEBUG ClassPathBeanDefinitionScanner:244 - Identified candidate component class: file [C:\Users\SANDEEP\Documents\GitHub\Retail\target\classes\com\javahome\app\assemblers\StockAddAssembler.class]
2014-08-12 23:27:24 DEBUG ClassPathBeanDefinitionScanner:244 - Identified candidate component class: file [C:\Users\SANDEEP\Documents\GitHub\Retail\target\classes\com\javahome\app\service\StockAddService.class]
2014-08-12 23:27:24 DEBUG ClassPathBeanDefinitionScanner:244 - Identified candidate component class: file [C:\Users\SANDEEP\Documents\GitHub\Retail\target\classes\com\javahome\app\service\UserService.class]
2014-08-12 23:27:24 DEBUG ClassPathBeanDefinitionScanner:250 - Ignored because not a concrete top-level class: file [C:\Users\SANDEEP\Documents\GitHub\Retail\target\classes\com\javahome\dao\BaseDao.class]
2014-08-12 23:27:24 DEBUG ClassPathBeanDefinitionScanner:244 - Identified candidate component class: file [C:\Users\SANDEEP\Documents\GitHub\Retail\target\classes\com\javahome\dao\StockAddDao.class]
2014-08-12 23:27:24 DEBUG ClassPathBeanDefinitionScanner:244 - Identified candidate component class: file [C:\Users\SANDEEP\Documents\GitHub\Retail\target\classes\com\javahome\dao\UserDao.class]
2014-08-12 23:27:24 DEBUG ClassPathBeanDefinitionScanner:244 - Identified candidate component class: file [C:\Users\SANDEEP\Documents\GitHub\Retail\target\classes\com\javahome\web\controllers\StockController.class]
2014-08-12 23:27:24 DEBUG ClassPathBeanDefinitionScanner:244 - Identified candidate component class: file [C:\Users\SANDEEP\Documents\GitHub\Retail\target\classes\com\javahome\web\controllers\UserController.class]
2014-08-12 23:27:24 DEBUG PathMatchingResourcePatternResolver:550 - Looking for matching resources in directory tree [C:\Users\SANDEEP\Documents\GitHub\Retail\target\classes\com\javahome\dao]
2014-08-12 23:27:24 DEBUG PathMatchingResourcePatternResolver:612 - Searching directory [C:\Users\SANDEEP\Documents\GitHub\Retail\target\classes\com\javahome\dao] for files matching pattern [C:/Users/SANDEEP/Documents/GitHub/Retail/target/classes/com/javahome/dao/**/*.class]
2014-08-12 23:27:24 DEBUG PathMatchingResourcePatternResolver:612 - Searching directory [C:\Users\SANDEEP\Documents\GitHub\Retail\target\classes\com\javahome\dao\entity] for files matching pattern [C:/Users/SANDEEP/Documents/GitHub/Retail/target/classes/com/javahome/dao/**/*.class]
2014-08-12 23:27:24 DEBUG PathMatchingResourcePatternResolver:351 - Resolved location pattern [classpath*:com/javahome/dao/**/*.class] to resources [file [C:\Users\SANDEEP\Documents\GitHub\Retail\target\classes\com\javahome\dao\BaseDao.class], file [C:\Users\SANDEEP\Documents\GitHub\Retail\target\classes\com\javahome\dao\entity\RoleEntity.class], file [C:\Users\SANDEEP\Documents\GitHub\Retail\target\classes\com\javahome\dao\entity\StockAddEntity.class], file [C:\Users\SANDEEP\Documents\GitHub\Retail\target\classes\com\javahome\dao\entity\UserEntity.class], file [C:\Users\SANDEEP\Documents\GitHub\Retail\target\classes\com\javahome\dao\IStockAddDao.class], file [C:\Users\SANDEEP\Documents\GitHub\Retail\target\classes\com\javahome\dao\StockAddDao.class], file [C:\Users\SANDEEP\Documents\GitHub\Retail\target\classes\com\javahome\dao\UserDao.class]]
2014-08-12 23:27:24 DEBUG ClassPathBeanDefinitionScanner:250 - Ignored because not a concrete top-level class: file [C:\Users\SANDEEP\Documents\GitHub\Retail\target\classes\com\javahome\dao\BaseDao.class]
2014-08-12 23:27:24 DEBUG ClassPathBeanDefinitionScanner:244 - Identified candidate component class: file [C:\Users\SANDEEP\Documents\GitHub\Retail\target\classes\com\javahome\dao\StockAddDao.class]
2014-08-12 23:27:24 DEBUG ClassPathBeanDefinitionScanner:244 - Identified candidate component class: file [C:\Users\SANDEEP\Documents\GitHub\Retail\target\classes\com\javahome\dao\UserDao.class]
2014-08-12 23:27:24 DEBUG PathMatchingResourcePatternResolver:550 - Looking for matching resources in directory tree [C:\Users\SANDEEP\Documents\GitHub\Retail\target\classes\com\javahome\web]
2014-08-12 23:27:24 DEBUG PathMatchingResourcePatternResolver:612 - Searching directory [C:\Users\SANDEEP\Documents\GitHub\Retail\target\classes\com\javahome\web] for files matching pattern [C:/Users/SANDEEP/Documents/GitHub/Retail/target/classes/com/javahome/web/**/*.class]
2014-08-12 23:27:24 DEBUG PathMatchingResourcePatternResolver:612 - Searching directory [C:\Users\SANDEEP\Documents\GitHub\Retail\target\classes\com\javahome\web\controllers] for files matching pattern [C:/Users/SANDEEP/Documents/GitHub/Retail/target/classes/com/javahome/web/**/*.class]
2014-08-12 23:27:24 DEBUG PathMatchingResourcePatternResolver:612 - Searching directory [C:\Users\SANDEEP\Documents\GitHub\Retail\target\classes\com\javahome\web\vo] for files matching pattern [C:/Users/SANDEEP/Documents/GitHub/Retail/target/classes/com/javahome/web/**/*.class]
2014-08-12 23:27:24 DEBUG PathMatchingResourcePatternResolver:351 - Resolved location pattern [classpath*:com/javahome/web/**/*.class] to resources [file [C:\Users\SANDEEP\Documents\GitHub\Retail\target\classes\com\javahome\web\controllers\StockController.class], file [C:\Users\SANDEEP\Documents\GitHub\Retail\target\classes\com\javahome\web\controllers\UserController.class], file [C:\Users\SANDEEP\Documents\GitHub\Retail\target\classes\com\javahome\web\vo\StockVO.class], file [C:\Users\SANDEEP\Documents\GitHub\Retail\target\classes\com\javahome\web\vo\UserVO.class]]
2014-08-12 23:27:24 DEBUG ClassPathBeanDefinitionScanner:244 - Identified candidate component class: file [C:\Users\SANDEEP\Documents\GitHub\Retail\target\classes\com\javahome\web\controllers\StockController.class]
2014-08-12 23:27:24 DEBUG ClassPathBeanDefinitionScanner:244 - Identified candidate component class: file [C:\Users\SANDEEP\Documents\GitHub\Retail\target\classes\com\javahome\web\controllers\UserController.class]
2014-08-12 23:27:24 DEBUG XmlBeanDefinitionReader:216 - Loaded 30 bean definitions from location pattern [classpath:app-test.xml]
2014-08-12 23:27:24 INFO  GenericApplicationContext:495 - Refreshing org.springframework.context.support.GenericApplicationContext@27c5e87: startup date [Tue Aug 12 23:27:24 IST 2014]; root of context hierarchy
2014-08-12 23:27:24 DEBUG GenericApplicationContext:525 - Bean factory for org.springframework.context.support.GenericApplicationContext@27c5e87: org.springframework.beans.factory.support.DefaultListableBeanFactory@61acbb8e: defining beans [stockAddAssembler,stockAddService,userService,stockAddDao,userDao,stockController,userController,org.springframework.context.annotation.internalConfigurationAnnotationProcessor,org.springframework.context.annotation.internalAutowiredAnnotationProcessor,org.springframework.context.annotation.internalRequiredAnnotationProcessor,org.springframework.context.annotation.internalCommonAnnotationProcessor,org.springframework.context.annotation.internalPersistenceAnnotationProcessor,org.springframework.web.servlet.mvc.method.annotation.RequestMappingHandlerMapping#0,org.springframework.format.support.FormattingConversionServiceFactoryBean#0,org.springframework.web.servlet.mvc.method.annotation.RequestMappingHandlerAdapter#0,org.springframework.web.servlet.handler.MappedInterceptor#0,org.springframework.web.servlet.mvc.method.annotation.ExceptionHandlerExceptionResolver#0,org.springframework.web.servlet.mvc.annotation.ResponseStatusExceptionResolver#0,org.springframework.web.servlet.mvc.support.DefaultHandlerExceptionResolver#0,org.springframework.web.servlet.handler.BeanNameUrlHandlerMapping,org.springframework.web.servlet.mvc.HttpRequestHandlerAdapter,org.springframework.web.servlet.mvc.SimpleControllerHandlerAdapter,dataSource,sessionFactory,org.springframework.aop.config.internalAutoProxyCreator,org.springframework.transaction.annotation.AnnotationTransactionAttributeSource#0,org.springframework.transaction.interceptor.TransactionInterceptor#0,org.springframework.transaction.config.internalTransactionAdvisor,transactionManager,messageSource]; root of factory hierarchy
2014-08-12 23:27:24 DEBUG DefaultListableBeanFactory:217 - Creating shared instance of singleton bean &apos;org.springframework.context.annotation.internalConfigurationAnnotationProcessor&apos;
2014-08-12 23:27:24 DEBUG DefaultListableBeanFactory:430 - Creating instance of bean &apos;org.springframework.context.annotation.internalConfigurationAnnotationProcessor&apos;
2014-08-12 23:27:24 DEBUG DefaultListableBeanFactory:504 - Eagerly caching bean &apos;org.springframework.context.annotation.internalConfigurationAnnotationProcessor&apos; to allow for resolving potential circular references
2014-08-12 23:27:24 DEBUG DefaultListableBeanFactory:458 - Finished creating instance of bean &apos;org.springframework.context.annotation.internalConfigurationAnnotationProcessor&apos;
2014-08-12 23:27:24 DEBUG DefaultListableBeanFactory:217 - Creating shared instance of singleton bean &apos;org.springframework.context.annotation.internalAutowiredAnnotationProcessor&apos;
2014-08-12 23:27:24 DEBUG DefaultListableBeanFactory:430 - Creating instance of bean &apos;org.springframework.context.annotation.internalAutowiredAnnotationProcessor&apos;
2014-08-12 23:27:24 DEBUG DefaultListableBeanFactory:504 - Eagerly caching bean &apos;org.springframework.context.annotation.internalAutowiredAnnotationProcessor&apos; to allow for resolving potential circular references
2014-08-12 23:27:24 DEBUG DefaultListableBeanFactory:458 - Finished creating instance of bean &apos;org.springframework.context.annotation.internalAutowiredAnnotationProcessor&apos;
2014-08-12 23:27:24 DEBUG DefaultListableBeanFactory:217 - Creating shared instance of singleton bean &apos;org.springframework.context.annotation.internalRequiredAnnotationProcessor&apos;
2014-08-12 23:27:24 DEBUG DefaultListableBeanFactory:430 - Creating instance of bean &apos;org.springframework.context.annotation.internalRequiredAnnotationProcessor&apos;
2014-08-12 23:27:24 DEBUG DefaultListableBeanFactory:504 - Eagerly caching bean &apos;org.springframework.context.annotation.internalRequiredAnnotationProcessor&apos; to allow for resolving potential circular references
2014-08-12 23:27:24 DEBUG DefaultListableBeanFactory:458 - Finished creating instance of bean &apos;org.springframework.context.annotation.internalRequiredAnnotationProcessor&apos;
2014-08-12 23:27:24 DEBUG DefaultListableBeanFactory:217 - Creating shared instance of singleton bean &apos;org.springframework.context.annotation.internalCommonAnnotationProcessor&apos;
2014-08-12 23:27:24 DEBUG DefaultListableBeanFactory:430 - Creating instance of bean &apos;org.springframework.context.annotation.internalCommonAnnotationProcessor&apos;
2014-08-12 23:27:24 DEBUG DefaultListableBeanFactory:504 - Eagerly caching bean &apos;org.springframework.context.annotation.internalCommonAnnotationProcessor&apos; to allow for resolving potential circular references
2014-08-12 23:27:24 DEBUG DefaultListableBeanFactory:458 - Finished creating instance of bean &apos;org.springframework.context.annotation.internalCommonAnnotationProcessor&apos;
2014-08-12 23:27:24 DEBUG DefaultListableBeanFactory:217 - Creating shared instance of singleton bean &apos;org.springframework.context.annotation.internalPersistenceAnnotationProcessor&apos;
2014-08-12 23:27:24 DEBUG DefaultListableBeanFactory:430 - Creating instance of bean &apos;org.springframework.context.annotation.internalPersistenceAnnotationProcessor&apos;
2014-08-12 23:27:24 DEBUG DefaultListableBeanFactory:504 - Eagerly caching bean &apos;org.springframework.context.annotation.internalPersistenceAnnotationProcessor&apos; to allow for resolving potential circular references
2014-08-12 23:27:24 DEBUG DefaultListableBeanFactory:458 - Finished creating instance of bean &apos;org.springframework.context.annotation.internalPersistenceAnnotationProcessor&apos;
2014-08-12 23:27:24 DEBUG DefaultListableBeanFactory:217 - Creating shared instance of singleton bean &apos;org.springframework.context.annotation.ConfigurationClassPostProcessor$ImportAwareBeanPostProcessor#0&apos;
2014-08-12 23:27:24 DEBUG DefaultListableBeanFactory:430 - Creating instance of bean &apos;org.springframework.context.annotation.ConfigurationClassPostProcessor$ImportAwareBeanPostProcessor#0&apos;
2014-08-12 23:27:24 DEBUG DefaultListableBeanFactory:504 - Eagerly caching bean &apos;org.springframework.context.annotation.ConfigurationClassPostProcessor$ImportAwareBeanPostProcessor#0&apos; to allow for resolving potential circular references
2014-08-12 23:27:24 DEBUG DefaultListableBeanFactory:458 - Finished creating instance of bean &apos;org.springframework.context.annotation.ConfigurationClassPostProcessor$ImportAwareBeanPostProcessor#0&apos;
2014-08-12 23:27:24 DEBUG DefaultListableBeanFactory:217 - Creating shared instance of singleton bean &apos;org.springframework.aop.config.internalAutoProxyCreator&apos;
2014-08-12 23:27:24 DEBUG DefaultListableBeanFactory:430 - Creating instance of bean &apos;org.springframework.aop.config.internalAutoProxyCreator&apos;
2014-08-12 23:27:24 DEBUG DefaultListableBeanFactory:504 - Eagerly caching bean &apos;org.springframework.aop.config.internalAutoProxyCreator&apos; to allow for resolving potential circular references
2014-08-12 23:27:24 DEBUG DefaultListableBeanFactory:458 - Finished creating instance of bean &apos;org.springframework.aop.config.internalAutoProxyCreator&apos;
2014-08-12 23:27:24 DEBUG DefaultListableBeanFactory:217 - Creating shared instance of singleton bean &apos;messageSource&apos;
2014-08-12 23:27:24 DEBUG DefaultListableBeanFactory:430 - Creating instance of bean &apos;messageSource&apos;
2014-08-12 23:27:24 DEBUG DefaultListableBeanFactory:504 - Eagerly caching bean &apos;messageSource&apos; to allow for resolving potential circular references
2014-08-12 23:27:24 DEBUG DefaultListableBeanFactory:217 - Creating shared instance of singleton bean &apos;org.springframework.transaction.config.internalTransactionAdvisor&apos;
2014-08-12 23:27:24 DEBUG DefaultListableBeanFactory:430 - Creating instance of bean &apos;org.springframework.transaction.config.internalTransactionAdvisor&apos;
2014-08-12 23:27:24 DEBUG DefaultListableBeanFactory:504 - Eagerly caching bean &apos;org.springframework.transaction.config.internalTransactionAdvisor&apos; to allow for resolving potential circular references
2014-08-12 23:27:24 DEBUG DefaultListableBeanFactory:217 - Creating shared instance of singleton bean &apos;org.springframework.transaction.annotation.AnnotationTransactionAttributeSource#0&apos;
2014-08-12 23:27:24 DEBUG DefaultListableBeanFactory:430 - Creating instance of bean &apos;org.springframework.transaction.annotation.AnnotationTransactionAttributeSource#0&apos;
2014-08-12 23:27:24 DEBUG DefaultListableBeanFactory:504 - Eagerly caching bean &apos;org.springframework.transaction.annotation.AnnotationTransactionAttributeSource#0&apos; to allow for resolving potential circular references
2014-08-12 23:27:24 DEBUG DefaultListableBeanFactory:458 - Finished creating instance of bean &apos;org.springframework.transaction.annotation.AnnotationTransactionAttributeSource#0&apos;
2014-08-12 23:27:24 DEBUG DefaultListableBeanFactory:458 - Finished creating instance of bean &apos;org.springframework.transaction.config.internalTransactionAdvisor&apos;
2014-08-12 23:27:24 DEBUG DefaultListableBeanFactory:458 - Finished creating instance of bean &apos;messageSource&apos;
2014-08-12 23:27:24 DEBUG GenericApplicationContext:784 - Using MessageSource [org.springframework.context.support.ReloadableResourceBundleMessageSource: basenames=[/WEB-INF/message]]
2014-08-12 23:27:24 DEBUG GenericApplicationContext:818 - Unable to locate ApplicationEventMulticaster with name &apos;applicationEventMulticaster&apos;: using default [org.springframework.context.event.SimpleApplicationEventMulticaster@3e42c3f9]
2014-08-12 23:27:24 INFO  DefaultListableBeanFactory:557 - Pre-instantiating singletons in org.springframework.beans.factory.support.DefaultListableBeanFactory@61acbb8e: defining beans [stockAddAssembler,stockAddService,userService,stockAddDao,userDao,stockController,userController,org.springframework.context.annotation.internalConfigurationAnnotationProcessor,org.springframework.context.annotation.internalAutowiredAnnotationProcessor,org.springframework.context.annotation.internalRequiredAnnotationProcessor,org.springframework.context.annotation.internalCommonAnnotationProcessor,org.springframework.context.annotation.internalPersistenceAnnotationProcessor,org.springframework.web.servlet.mvc.method.annotation.RequestMappingHandlerMapping#0,org.springframework.format.support.FormattingConversionServiceFactoryBean#0,org.springframework.web.servlet.mvc.method.annotation.RequestMappingHandlerAdapter#0,org.springframework.web.servlet.handler.MappedInterceptor#0,org.springframework.web.servlet.mvc.method.annotation.ExceptionHandlerExceptionResolver#0,org.springframework.web.servlet.mvc.annotation.ResponseStatusExceptionResolver#0,org.springframework.web.servlet.mvc.support.DefaultHandlerExceptionResolver#0,org.springframework.web.servlet.handler.BeanNameUrlHandlerMapping,org.springframework.web.servlet.mvc.HttpRequestHandlerAdapter,org.springframework.web.servlet.mvc.SimpleControllerHandlerAdapter,dataSource,sessionFactory,org.springframework.aop.config.internalAutoProxyCreator,org.springframework.transaction.annotation.AnnotationTransactionAttributeSource#0,org.springframework.transaction.interceptor.TransactionInterceptor#0,org.springframework.transaction.config.internalTransactionAdvisor,transactionManager,messageSource,org.springframework.context.annotation.ConfigurationClassPostProcessor$ImportAwareBeanPostProcessor#0]; root of factory hierarchy
2014-08-12 23:27:24 DEBUG DefaultListableBeanFactory:217 - Creating shared instance of singleton bean &apos;stockAddAssembler&apos;
2014-08-12 23:27:24 DEBUG DefaultListableBeanFactory:430 - Creating instance of bean &apos;stockAddAssembler&apos;
2014-08-12 23:27:24 DEBUG DefaultListableBeanFactory:504 - Eagerly caching bean &apos;stockAddAssembler&apos; to allow for resolving potential circular references
2014-08-12 23:27:24 DEBUG DefaultListableBeanFactory:245 - Returning cached instance of singleton bean &apos;org.springframework.transaction.config.internalTransactionAdvisor&apos;
2014-08-12 23:27:24 DEBUG DefaultListableBeanFactory:458 - Finished creating instance of bean &apos;stockAddAssembler&apos;
2014-08-12 23:27:24 DEBUG DefaultListableBeanFactory:217 - Creating shared instance of singleton bean &apos;stockAddService&apos;
2014-08-12 23:27:24 DEBUG DefaultListableBeanFactory:430 - Creating instance of bean &apos;stockAddService&apos;
2014-08-12 23:27:24 DEBUG InjectionMetadata:60 - Found injected element on class [com.javahome.app.service.StockAddService]: AutowiredFieldElement for private com.javahome.dao.IStockAddDao com.javahome.app.service.StockAddService.stockadddao
2014-08-12 23:27:24 DEBUG DefaultListableBeanFactory:504 - Eagerly caching bean &apos;stockAddService&apos; to allow for resolving potential circular references
2014-08-12 23:27:24 DEBUG InjectionMetadata:85 - Processing injected method of bean &apos;stockAddService&apos;: AutowiredFieldElement for private com.javahome.dao.IStockAddDao com.javahome.app.service.StockAddService.stockadddao
2014-08-12 23:27:24 DEBUG DefaultListableBeanFactory:217 - Creating shared instance of singleton bean &apos;stockAddDao&apos;
2014-08-12 23:27:24 DEBUG DefaultListableBeanFactory:430 - Creating instance of bean &apos;stockAddDao&apos;
2014-08-12 23:27:24 DEBUG InjectionMetadata:60 - Found injected element on class [com.javahome.dao.StockAddDao]: AutowiredFieldElement for private org.springframework.orm.hibernate3.HibernateTemplate com.javahome.dao.StockAddDao.template
2014-08-12 23:27:24 DEBUG DefaultListableBeanFactory:504 - Eagerly caching bean &apos;stockAddDao&apos; to allow for resolving potential circular references
2014-08-12 23:27:24 DEBUG InjectionMetadata:85 - Processing injected method of bean &apos;stockAddDao&apos;: AutowiredFieldElement for private org.springframework.orm.hibernate3.HibernateTemplate com.javahome.dao.StockAddDao.template
2014-08-12 23:27:25 INFO  DefaultListableBeanFactory:433 - Destroying singletons in org.springframework.beans.factory.support.DefaultListableBeanFactory@61acbb8e: defining beans [stockAddAssembler,stockAddService,userService,stockAddDao,userDao,stockController,userController,org.springframework.context.annotation.internalConfigurationAnnotationProcessor,org.springframework.context.annotation.internalAutowiredAnnotationProcessor,org.springframework.context.annotation.internalRequiredAnnotationProcessor,org.springframework.context.annotation.internalCommonAnnotationProcessor,org.springframework.context.annotation.internalPersistenceAnnotationProcessor,org.springframework.web.servlet.mvc.method.annotation.RequestMappingHandlerMapping#0,org.springframework.format.support.FormattingConversionServiceFactoryBean#0,org.springframework.web.servlet.mvc.method.annotation.RequestMappingHandlerAdapter#0,org.springframework.web.servlet.handler.MappedInterceptor#0,org.springframework.web.servlet.mvc.method.annotation.ExceptionHandlerExceptionResolver#0,org.springframework.web.servlet.mvc.annotation.ResponseStatusExceptionResolver#0,org.springframework.web.servlet.mvc.support.DefaultHandlerExceptionResolver#0,org.springframework.web.servlet.handler.BeanNameUrlHandlerMapping,org.springframework.web.servlet.mvc.HttpRequestHandlerAdapter,org.springframework.web.servlet.mvc.SimpleControllerHandlerAdapter,dataSource,sessionFactory,org.springframework.aop.config.internalAutoProxyCreator,org.springframework.transaction.annotation.AnnotationTransactionAttributeSource#0,org.springframework.transaction.interceptor.TransactionInterceptor#0,org.springframework.transaction.config.internalTransactionAdvisor,transactionManager,messageSource,org.springframework.context.annotation.ConfigurationClassPostProcessor$ImportAwareBeanPostProcessor#0]; root of factory hierarchy
2014-08-12 23:27:25 ERROR TestContextManager:324 - Caught exception while allowing TestExecutionListener [org.springframework.test.context.support.DependencyInjectionTestExecutionListener@1450cc63] to prepare test instance [StockAddTest@27feffac]
java.lang.IllegalStateException: Failed to load ApplicationContext
	at org.springframework.test.context.TestContext.getApplicationContext(TestContext.java:157)
	at org.springframework.test.context.support.DependencyInjectionTestExecutionListener.injectDependencies(DependencyInjectionTestExecutionListener.java:109)
	at org.springframework.test.context.support.DependencyInjectionTestExecutionListener.prepareTestInstance(DependencyInjectionTestExecutionListener.java:75)
	at org.springframework.test.context.TestContextManager.prepareTestInstance(TestContextManager.java:321)
	at org.springframework.test.context.junit4.SpringJUnit4ClassRunner.createTest(SpringJUnit4ClassRunner.java:211)
	at org.springframework.test.context.junit4.SpringJUnit4ClassRunner$1.runReflectiveCall(SpringJUnit4ClassRunner.java:288)
	at org.junit.internal.runners.model.ReflectiveCallable.run(ReflectiveCallable.java:15)
	at org.springframework.test.context.junit4.SpringJUnit4ClassRunner.methodBlock(SpringJUnit4ClassRunner.java:290)
	at org.springframework.test.context.junit4.SpringJUnit4ClassRunner.runChild(SpringJUnit4ClassRunner.java:231)
	at org.junit.runners.BlockJUnit4ClassRunner.runChild(BlockJUnit4ClassRunner.java:49)
	at org.junit.runners.ParentRunner$3.run(ParentRunner.java:193)
	at org.junit.runners.ParentRunner$1.schedule(ParentRunner.java:52)
	at org.junit.runners.ParentRunner.runChildren(ParentRunner.java:191)
	at org.junit.runners.ParentRunner.access$000(ParentRunner.java:42)
	at org.junit.runners.ParentRunner$2.evaluate(ParentRunner.java:184)
	at org.springframework.test.context.junit4.statements.RunBeforeTestClassCallbacks.evaluate(RunBeforeTestClassCallbacks.java:61)
	at org.springframework.test.context.junit4.statements.RunAfterTestClassCallbacks.evaluate(RunAfterTestClassCallbacks.java:71)
	at org.junit.runners.ParentRunner.run(ParentRunner.java:236)
	at org.springframework.test.context.junit4.SpringJUnit4ClassRunner.run(SpringJUnit4ClassRunner.java:174)
	at org.apache.maven.surefire.junit4.JUnit4Provider.execute(JUnit4Provider.java:252)
	at org.apache.maven.surefire.junit4.JUnit4Provider.executeTestSet(JUnit4Provider.java:141)
	at org.apache.maven.surefire.junit4.JUnit4Provider.invoke(JUnit4Provider.java:112)
	at sun.reflect.NativeMethodAccessorImpl.invoke0(Native Method)
	at sun.reflect.NativeMethodAccessorImpl.invoke(NativeMethodAccessorImpl.java:57)
	at sun.reflect.DelegatingMethodAccessorImpl.invoke(DelegatingMethodAccessorImpl.java:43)
	at java.lang.reflect.Method.invoke(Method.java:606)
	at org.apache.maven.surefire.util.ReflectionUtils.invokeMethodWithArray(ReflectionUtils.java:189)
	at org.apache.maven.surefire.booter.ProviderFactory$ProviderProxy.invoke(ProviderFactory.java:165)
	at org.apache.maven.surefire.booter.ProviderFactory.invokeProvider(ProviderFactory.java:85)
	at org.apache.maven.surefire.booter.ForkedBooter.runSuitesInProcess(ForkedBooter.java:115)
	at org.apache.maven.surefire.booter.ForkedBooter.main(ForkedBooter.java:75)
Caused by: org.springframework.beans.factory.BeanCreationException: Error creating bean with name &apos;stockAddService&apos;: Injection of autowired dependencies failed; nested exception is org.springframework.beans.factory.BeanCreationException: Could not autowire field: private com.javahome.dao.IStockAddDao com.javahome.app.service.StockAddService.stockadddao; nested exception is org.springframework.beans.factory.BeanCreationException: Error creating bean with name &apos;stockAddDao&apos;: Injection of autowired dependencies failed; nested exception is org.springframework.beans.factory.BeanCreationException: Could not autowire field: private org.springframework.orm.hibernate3.HibernateTemplate com.javahome.dao.StockAddDao.template; nested exception is org.springframework.beans.factory.NoSuchBeanDefinitionException: No matching bean of type [org.springframework.orm.hibernate3.HibernateTemplate] found for dependency: expected at least 1 bean which qualifies as autowire candidate for this dependency. Dependency annotations: {@org.springframework.beans.factory.annotation.Autowired(required=true)}
	at org.springframework.beans.factory.annotation.AutowiredAnnotationBeanPostProcessor.postProcessPropertyValues(AutowiredAnnotationBeanPostProcessor.java:287)
	at org.springframework.beans.factory.support.AbstractAutowireCapableBeanFactory.populateBean(AbstractAutowireCapableBeanFactory.java:1106)
	at org.springframework.beans.factory.support.AbstractAutowireCapableBeanFactory.doCreateBean(AbstractAutowireCapableBeanFactory.java:517)
	at org.springframework.beans.factory.support.AbstractAutowireCapableBeanFactory.createBean(AbstractAutowireCapableBeanFactory.java:456)
	at org.springframework.beans.factory.support.AbstractBeanFactory$1.getObject(AbstractBeanFactory.java:294)
	at org.springframework.beans.factory.support.DefaultSingletonBeanRegistry.getSingleton(DefaultSingletonBeanRegistry.java:225)
	at org.springframework.beans.factory.support.AbstractBeanFactory.doGetBean(AbstractBeanFactory.java:291)
	at org.springframework.beans.factory.support.AbstractBeanFactory.getBean(AbstractBeanFactory.java:193)
	at org.springframework.beans.factory.support.DefaultListableBeanFactory.preInstantiateSingletons(DefaultListableBeanFactory.java:585)
	at org.springframework.context.support.AbstractApplicationContext.finishBeanFactoryInitialization(AbstractApplicationContext.java:913)
	at org.springframework.context.support.AbstractApplicationContext.refresh(AbstractApplicationContext.java:464)
	at org.springframework.test.context.support.AbstractGenericContextLoader.loadContext(AbstractGenericContextLoader.java:103)
	at org.springframework.test.context.support.AbstractGenericContextLoader.loadContext(AbstractGenericContextLoader.java:1)
	at org.springframework.test.context.support.DelegatingSmartContextLoader.loadContext(DelegatingSmartContextLoader.java:228)
	at org.springframework.test.context.TestContext.loadApplicationContext(TestContext.java:124)
	at org.springframework.test.context.TestContext.getApplicationContext(TestContext.java:148)
	... 30 more
Caused by: org.springframework.beans.factory.BeanCreationException: Could not autowire field: private com.javahome.dao.IStockAddDao com.javahome.app.service.StockAddService.stockadddao; nested exception is org.springframework.beans.factory.BeanCreationException: Error creating bean with name &apos;stockAddDao&apos;: Injection of autowired dependencies failed; nested exception is org.springframework.beans.factory.BeanCreationException: Could not autowire field: private org.springframework.orm.hibernate3.HibernateTemplate com.javahome.dao.StockAddDao.template; nested exception is org.springframework.beans.factory.NoSuchBeanDefinitionException: No matching bean of type [org.springframework.orm.hibernate3.HibernateTemplate] found for dependency: expected at least 1 bean which qualifies as autowire candidate for this dependency. Dependency annotations: {@org.springframework.beans.factory.annotation.Autowired(required=true)}
	at org.springframework.beans.factory.annotation.AutowiredAnnotationBeanPostProcessor$AutowiredFieldElement.inject(AutowiredAnnotationBeanPostProcessor.java:506)
	at org.springframework.beans.factory.annotation.InjectionMetadata.inject(InjectionMetadata.java:87)
	at org.springframework.beans.factory.annotation.AutowiredAnnotationBeanPostProcessor.postProcessPropertyValues(AutowiredAnnotationBeanPostProcessor.java:284)
	... 45 more
Caused by: org.springframework.beans.factory.BeanCreationException: Error creating bean with name &apos;stockAddDao&apos;: Injection of autowired dependencies failed; nested exception is org.springframework.beans.factory.BeanCreationException: Could not autowire field: private org.springframework.orm.hibernate3.HibernateTemplate com.javahome.dao.StockAddDao.template; nested exception is org.springframework.beans.factory.NoSuchBeanDefinitionException: No matching bean of type [org.springframework.orm.hibernate3.HibernateTemplate] found for dependency: expected at least 1 bean which qualifies as autowire candidate for this dependency. Dependency annotations: {@org.springframework.beans.factory.annotation.Autowired(required=true)}
	at org.springframework.beans.factory.annotation.AutowiredAnnotationBeanPostProcessor.postProcessPropertyValues(AutowiredAnnotationBeanPostProcessor.java:287)
	at org.springframework.beans.factory.support.AbstractAutowireCapableBeanFactory.populateBean(AbstractAutowireCapableBeanFactory.java:1106)
	at org.springframework.beans.factory.support.AbstractAutowireCapableBeanFactory.doCreateBean(AbstractAutowireCapableBeanFactory.java:517)
	at org.springframework.beans.factory.support.AbstractAutowireCapableBeanFactory.createBean(AbstractAutowireCapableBeanFactory.java:456)
	at org.springframework.beans.factory.support.AbstractBeanFactory$1.getObject(AbstractBeanFactory.java:294)
	at org.springframework.beans.factory.support.DefaultSingletonBeanRegistry.getSingleton(DefaultSingletonBeanRegistry.java:225)
	at org.springframework.beans.factory.support.AbstractBeanFactory.doGetBean(AbstractBeanFactory.java:291)
	at org.springframework.beans.factory.support.AbstractBeanFactory.getBean(AbstractBeanFactory.java:193)
	at org.springframework.beans.factory.support.DefaultListableBeanFactory.findAutowireCandidates(DefaultListableBeanFactory.java:848)
	at org.springframework.beans.factory.support.DefaultListableBeanFactory.doResolveDependency(DefaultListableBeanFactory.java:790)
	at org.springframework.beans.factory.support.DefaultListableBeanFactory.resolveDependency(DefaultListableBeanFactory.java:707)
	at org.springframework.beans.factory.annotation.AutowiredAnnotationBeanPostProcessor$AutowiredFieldElement.inject(AutowiredAnnotationBeanPostProcessor.java:478)
	... 47 more
Caused by: org.springframework.beans.factory.BeanCreationException: Could not autowire field: private org.springframework.orm.hibernate3.HibernateTemplate com.javahome.dao.StockAddDao.template; nested exception is org.springframework.beans.factory.NoSuchBeanDefinitionException: No matching bean of type [org.springframework.orm.hibernate3.HibernateTemplate] found for dependency: expected at least 1 bean which qualifies as autowire candidate for this dependency. Dependency annotations: {@org.springframework.beans.factory.annotation.Autowired(required=true)}
	at org.springframework.beans.factory.annotation.AutowiredAnnotationBeanPostProcessor$AutowiredFieldElement.inject(AutowiredAnnotationBeanPostProcessor.java:506)
	at org.springframework.beans.factory.annotation.InjectionMetadata.inject(InjectionMetadata.java:87)
	at org.springframework.beans.factory.annotation.AutowiredAnnotationBeanPostProcessor.postProcessPropertyValues(AutowiredAnnotationBeanPostProcessor.java:284)
	... 58 more
Caused by: org.springframework.beans.factory.NoSuchBeanDefinitionException: No matching bean of type [org.springframework.orm.hibernate3.HibernateTemplate] found for dependency: expected at least 1 bean which qualifies as autowire candidate for this dependency. Dependency annotations: {@org.springframework.beans.factory.annotation.Autowired(required=true)}
	at org.springframework.beans.factory.support.DefaultListableBeanFactory.raiseNoSuchBeanDefinitionException(DefaultListableBeanFactory.java:924)
	at org.springframework.beans.factory.support.DefaultListableBeanFactory.doResolveDependency(DefaultListableBeanFactory.java:793)
	at org.springframework.beans.factory.support.DefaultListableBeanFactory.resolveDependency(DefaultListableBeanFactory.java:707)
	at org.springframework.beans.factory.annotation.AutowiredAnnotationBeanPostProcessor$AutowiredFieldElement.inject(AutowiredAnnotationBeanPostProcessor.java:478)
	... 60 more
</system-out>
  </testcase>
</testsuite>